2022-02-22 16:22:41,038 INFO    MainThread:23000 [internal.py:wandb_internal():89] W&B internal server running at pid: 23000, started at: 2022-02-22 16:22:41.038129
2022-02-22 16:22:41,041 INFO    WriterThread:23000 [datastore.py:open_for_write():77] open: e:\skola\2021-2022\LP3\D7041E\D7041E\project\wandb\run-20220222_162239-388vck2j\run-388vck2j.wandb
2022-02-22 16:22:41,041 DEBUG   HandlerThread:23000 [handler.py:handle_request():131] handle_request: check_version
2022-02-22 16:22:41,049 DEBUG   SenderThread:23000 [sender.py:send():235] send: header
2022-02-22 16:22:41,049 DEBUG   SenderThread:23000 [sender.py:send_request():249] send_request: check_version
2022-02-22 16:22:41,140 DEBUG   SenderThread:23000 [sender.py:send():235] send: run
2022-02-22 16:22:41,435 INFO    SenderThread:23000 [dir_watcher.py:__init__():169] watching files in: e:\skola\2021-2022\LP3\D7041E\D7041E\project\wandb\run-20220222_162239-388vck2j\files
2022-02-22 16:22:41,435 INFO    SenderThread:23000 [sender.py:_start_run_threads():809] run started: 388vck2j with start time 1645543359
2022-02-22 16:22:41,435 DEBUG   SenderThread:23000 [sender.py:send():235] send: summary
2022-02-22 16:22:41,436 DEBUG   HandlerThread:23000 [handler.py:handle_request():131] handle_request: run_start
2022-02-22 16:22:41,436 INFO    SenderThread:23000 [sender.py:_save_file():944] saving file wandb-summary.json with policy end
2022-02-22 16:22:42,449 INFO    Thread-14 :23000 [dir_watcher.py:_on_file_created():217] file/dir created: e:\skola\2021-2022\LP3\D7041E\D7041E\project\wandb\run-20220222_162239-388vck2j\files\wandb-summary.json
2022-02-22 16:22:43,409 DEBUG   HandlerThread:23000 [meta.py:__init__():36] meta init
2022-02-22 16:22:43,410 DEBUG   HandlerThread:23000 [meta.py:__init__():50] meta init done
2022-02-22 16:22:43,410 DEBUG   HandlerThread:23000 [meta.py:probe():210] probe
2022-02-22 16:22:43,424 DEBUG   HandlerThread:23000 [meta.py:_setup_git():200] setup git
2022-02-22 16:22:43,498 DEBUG   HandlerThread:23000 [meta.py:_setup_git():207] setup git done
2022-02-22 16:22:43,499 DEBUG   HandlerThread:23000 [meta.py:_save_pip():54] save pip
2022-02-22 16:22:43,499 DEBUG   HandlerThread:23000 [meta.py:_save_pip():68] save pip done
2022-02-22 16:22:43,499 DEBUG   HandlerThread:23000 [meta.py:_save_conda():75] save conda
2022-02-22 16:22:43,500 ERROR   HandlerThread:23000 [meta.py:_save_conda():84] Error saving conda packages
Traceback (most recent call last):
  File "E:\skola\code\New folder\envs\ann2test\lib\site-packages\wandb\sdk\internal\meta.py", line 80, in _save_conda
    subprocess.call(
  File "E:\skola\code\New folder\envs\ann2test\lib\subprocess.py", line 340, in call
    with Popen(*popenargs, **kwargs) as p:
  File "E:\skola\code\New folder\envs\ann2test\lib\subprocess.py", line 858, in __init__
    self._execute_child(args, executable, preexec_fn, close_fds,
  File "E:\skola\code\New folder\envs\ann2test\lib\subprocess.py", line 1311, in _execute_child
    hp, ht, pid, tid = _winapi.CreateProcess(executable, args,
FileNotFoundError: [WinError 2] The system cannot find the file specified
2022-02-22 16:22:43,523 DEBUG   HandlerThread:23000 [meta.py:_save_conda():85] save conda done
2022-02-22 16:22:43,523 DEBUG   HandlerThread:23000 [meta.py:probe():248] probe done
2022-02-22 16:22:43,527 DEBUG   SenderThread:23000 [sender.py:send():235] send: files
2022-02-22 16:22:43,527 INFO    SenderThread:23000 [sender.py:_save_file():944] saving file wandb-metadata.json with policy now
2022-02-22 16:22:43,533 DEBUG   HandlerThread:23000 [handler.py:handle_request():131] handle_request: stop_status
2022-02-22 16:22:43,534 DEBUG   SenderThread:23000 [sender.py:send_request():249] send_request: stop_status
2022-02-22 16:22:43,594 DEBUG   HandlerThread:23000 [handler.py:handle_request():131] handle_request: pause
2022-02-22 16:22:43,595 INFO    HandlerThread:23000 [handler.py:handle_request_pause():620] stopping system metrics thread
2022-02-22 16:22:43,736 DEBUG   SenderThread:23000 [sender.py:send():235] send: config
2022-02-22 16:22:43,736 DEBUG   SenderThread:23000 [sender.py:send():235] send: config
2022-02-22 16:22:43,737 DEBUG   SenderThread:23000 [sender.py:send():235] send: stats
2022-02-22 16:22:44,239 INFO    Thread-19 :23000 [upload_job.py:push():137] Uploaded file C:\Users\alexp\AppData\Local\Temp\tmp48pytiqbwandb\20prz03q-wandb-metadata.json
2022-02-22 16:22:44,468 INFO    Thread-14 :23000 [dir_watcher.py:_on_file_created():217] file/dir created: e:\skola\2021-2022\LP3\D7041E\D7041E\project\wandb\run-20220222_162239-388vck2j\files\requirements.txt
2022-02-22 16:22:44,469 INFO    Thread-14 :23000 [dir_watcher.py:_on_file_created():217] file/dir created: e:\skola\2021-2022\LP3\D7041E\D7041E\project\wandb\run-20220222_162239-388vck2j\files\conda-environment.yaml
2022-02-22 16:22:44,469 INFO    Thread-14 :23000 [dir_watcher.py:_on_file_created():217] file/dir created: e:\skola\2021-2022\LP3\D7041E\D7041E\project\wandb\run-20220222_162239-388vck2j\files\output.log
2022-02-22 16:22:44,469 INFO    Thread-14 :23000 [dir_watcher.py:_on_file_created():217] file/dir created: e:\skola\2021-2022\LP3\D7041E\D7041E\project\wandb\run-20220222_162239-388vck2j\files\wandb-metadata.json
2022-02-22 21:38:20,780 DEBUG   HandlerThread:23000 [handler.py:handle_request():131] handle_request: stop_status
2022-02-22 21:38:22,430 ERROR   SenderThread:23000 [retry.py:__call__():126] Retry attempt failed:
Traceback (most recent call last):
  File "E:\skola\code\New folder\envs\ann2test\lib\site-packages\urllib3\connection.py", line 174, in _new_conn
    conn = connection.create_connection(
  File "E:\skola\code\New folder\envs\ann2test\lib\site-packages\urllib3\util\connection.py", line 73, in create_connection
    for res in socket.getaddrinfo(host, port, family, socket.SOCK_STREAM):
  File "E:\skola\code\New folder\envs\ann2test\lib\socket.py", line 918, in getaddrinfo
    for res in _socket.getaddrinfo(host, port, family, type, proto, flags):
socket.gaierror: [Errno 11001] getaddrinfo failed

During handling of the above exception, another exception occurred:

Traceback (most recent call last):
  File "E:\skola\code\New folder\envs\ann2test\lib\site-packages\urllib3\connectionpool.py", line 699, in urlopen
    httplib_response = self._make_request(
  File "E:\skola\code\New folder\envs\ann2test\lib\site-packages\urllib3\connectionpool.py", line 382, in _make_request
    self._validate_conn(conn)
  File "E:\skola\code\New folder\envs\ann2test\lib\site-packages\urllib3\connectionpool.py", line 1010, in _validate_conn
    conn.connect()
  File "E:\skola\code\New folder\envs\ann2test\lib\site-packages\urllib3\connection.py", line 358, in connect
    conn = self._new_conn()
  File "E:\skola\code\New folder\envs\ann2test\lib\site-packages\urllib3\connection.py", line 186, in _new_conn
    raise NewConnectionError(
urllib3.exceptions.NewConnectionError: <urllib3.connection.HTTPSConnection object at 0x000001472EBE7820>: Failed to establish a new connection: [Errno 11001] getaddrinfo failed

During handling of the above exception, another exception occurred:

Traceback (most recent call last):
  File "E:\skola\code\New folder\envs\ann2test\lib\site-packages\requests\adapters.py", line 439, in send
    resp = conn.urlopen(
  File "E:\skola\code\New folder\envs\ann2test\lib\site-packages\urllib3\connectionpool.py", line 755, in urlopen
    retries = retries.increment(
  File "E:\skola\code\New folder\envs\ann2test\lib\site-packages\urllib3\util\retry.py", line 574, in increment
    raise MaxRetryError(_pool, url, error or ResponseError(cause))
urllib3.exceptions.MaxRetryError: HTTPSConnectionPool(host='api.wandb.ai', port=443): Max retries exceeded with url: /graphql (Caused by NewConnectionError('<urllib3.connection.HTTPSConnection object at 0x000001472EBE7820>: Failed to establish a new connection: [Errno 11001] getaddrinfo failed'))

During handling of the above exception, another exception occurred:

Traceback (most recent call last):
  File "E:\skola\code\New folder\envs\ann2test\lib\site-packages\wandb\sdk\lib\retry.py", line 102, in __call__
    result = self._call_fn(*args, **kwargs)
  File "E:\skola\code\New folder\envs\ann2test\lib\site-packages\wandb\sdk\internal\internal_api.py", line 140, in execute
    return self.client.execute(*args, **kwargs)
  File "E:\skola\code\New folder\envs\ann2test\lib\site-packages\wandb\vendor\gql-0.2.0\gql\client.py", line 52, in execute
    result = self._get_result(document, *args, **kwargs)
  File "E:\skola\code\New folder\envs\ann2test\lib\site-packages\wandb\vendor\gql-0.2.0\gql\client.py", line 60, in _get_result
    return self.transport.execute(document, *args, **kwargs)
  File "E:\skola\code\New folder\envs\ann2test\lib\site-packages\wandb\vendor\gql-0.2.0\gql\transport\requests.py", line 38, in execute
    request = requests.post(self.url, **post_args)
  File "E:\skola\code\New folder\envs\ann2test\lib\site-packages\requests\api.py", line 117, in post
    return request('post', url, data=data, json=json, **kwargs)
  File "E:\skola\code\New folder\envs\ann2test\lib\site-packages\requests\api.py", line 61, in request
    return session.request(method=method, url=url, **kwargs)
  File "E:\skola\code\New folder\envs\ann2test\lib\site-packages\requests\sessions.py", line 542, in request
    resp = self.send(prep, **send_kwargs)
  File "E:\skola\code\New folder\envs\ann2test\lib\site-packages\requests\sessions.py", line 655, in send
    r = adapter.send(request, **kwargs)
  File "E:\skola\code\New folder\envs\ann2test\lib\site-packages\requests\adapters.py", line 516, in send
    raise ConnectionError(e, request=request)
requests.exceptions.ConnectionError: HTTPSConnectionPool(host='api.wandb.ai', port=443): Max retries exceeded with url: /graphql (Caused by NewConnectionError('<urllib3.connection.HTTPSConnection object at 0x000001472EBE7820>: Failed to establish a new connection: [Errno 11001] getaddrinfo failed'))
2022-02-22 21:38:23,813 WARNING FileStreamThread:23000 [file_stream.py:request_with_retry():594] requests_with_retry encountered retryable exception: ('Connection aborted.', ConnectionResetError(10054, 'An existing connection was forcibly closed by the remote host', None, 10054, None)). func: <bound method Session.post of <requests.sessions.Session object at 0x00000147280B1580>>, args: ('https://api.wandb.ai/files/alepes/D7041E/388vck2j/file_stream',), kwargs: {'json': {'complete': False, 'failed': False, 'dropped': 0, 'uploaded': []}}
2022-02-22 21:38:29,232 DEBUG   SenderThread:23000 [sender.py:send_request():249] send_request: stop_status
2022-02-22 21:38:29,730 INFO    Thread-14 :23000 [dir_watcher.py:_on_file_modified():230] file/dir modified: e:\skola\2021-2022\LP3\D7041E\D7041E\project\wandb\run-20220222_162239-388vck2j\files\config.yaml
2022-02-22 21:38:40,795 DEBUG   HandlerThread:23000 [handler.py:handle_request():131] handle_request: stop_status
2022-02-22 21:38:40,795 DEBUG   SenderThread:23000 [sender.py:send_request():249] send_request: stop_status
2022-02-22 21:38:56,007 DEBUG   HandlerThread:23000 [handler.py:handle_request():131] handle_request: stop_status
2022-02-22 21:38:56,007 DEBUG   SenderThread:23000 [sender.py:send_request():249] send_request: stop_status
2022-02-22 21:39:11,220 DEBUG   HandlerThread:23000 [handler.py:handle_request():131] handle_request: stop_status
2022-02-22 21:39:11,220 DEBUG   SenderThread:23000 [sender.py:send_request():249] send_request: stop_status
2022-02-22 21:39:26,428 DEBUG   HandlerThread:23000 [handler.py:handle_request():131] handle_request: stop_status
2022-02-22 21:39:26,428 DEBUG   SenderThread:23000 [sender.py:send_request():249] send_request: stop_status
2022-02-22 21:39:41,667 DEBUG   HandlerThread:23000 [handler.py:handle_request():131] handle_request: stop_status
2022-02-22 21:39:41,667 DEBUG   SenderThread:23000 [sender.py:send_request():249] send_request: stop_status
2022-02-22 21:39:56,873 DEBUG   HandlerThread:23000 [handler.py:handle_request():131] handle_request: stop_status
2022-02-22 21:39:56,873 DEBUG   SenderThread:23000 [sender.py:send_request():249] send_request: stop_status
2022-02-22 21:40:12,085 DEBUG   HandlerThread:23000 [handler.py:handle_request():131] handle_request: stop_status
2022-02-22 21:40:12,085 DEBUG   SenderThread:23000 [sender.py:send_request():249] send_request: stop_status
2022-02-22 21:40:27,307 DEBUG   HandlerThread:23000 [handler.py:handle_request():131] handle_request: stop_status
2022-02-22 21:40:27,308 DEBUG   SenderThread:23000 [sender.py:send_request():249] send_request: stop_status
2022-02-22 21:40:42,558 DEBUG   HandlerThread:23000 [handler.py:handle_request():131] handle_request: stop_status
2022-02-22 21:40:42,558 DEBUG   SenderThread:23000 [sender.py:send_request():249] send_request: stop_status
2022-02-22 21:40:57,763 DEBUG   HandlerThread:23000 [handler.py:handle_request():131] handle_request: stop_status
2022-02-22 21:40:57,763 DEBUG   SenderThread:23000 [sender.py:send_request():249] send_request: stop_status
2022-02-22 21:41:12,972 DEBUG   HandlerThread:23000 [handler.py:handle_request():131] handle_request: stop_status
2022-02-22 21:41:12,972 DEBUG   SenderThread:23000 [sender.py:send_request():249] send_request: stop_status
2022-02-22 21:41:28,190 DEBUG   HandlerThread:23000 [handler.py:handle_request():131] handle_request: stop_status
2022-02-22 21:41:28,191 DEBUG   SenderThread:23000 [sender.py:send_request():249] send_request: stop_status
2022-02-22 21:41:43,422 DEBUG   HandlerThread:23000 [handler.py:handle_request():131] handle_request: stop_status
2022-02-22 21:41:43,422 DEBUG   SenderThread:23000 [sender.py:send_request():249] send_request: stop_status
2022-02-22 21:41:58,629 DEBUG   HandlerThread:23000 [handler.py:handle_request():131] handle_request: stop_status
2022-02-22 21:41:58,630 DEBUG   SenderThread:23000 [sender.py:send_request():249] send_request: stop_status
2022-02-22 21:42:13,859 DEBUG   HandlerThread:23000 [handler.py:handle_request():131] handle_request: stop_status
2022-02-22 21:42:13,859 DEBUG   SenderThread:23000 [sender.py:send_request():249] send_request: stop_status
2022-02-22 21:42:29,169 DEBUG   HandlerThread:23000 [handler.py:handle_request():131] handle_request: stop_status
2022-02-22 21:42:29,169 DEBUG   SenderThread:23000 [sender.py:send_request():249] send_request: stop_status
2022-02-22 21:42:44,433 DEBUG   HandlerThread:23000 [handler.py:handle_request():131] handle_request: stop_status
2022-02-22 21:42:44,434 DEBUG   SenderThread:23000 [sender.py:send_request():249] send_request: stop_status
2022-02-22 21:42:59,641 DEBUG   HandlerThread:23000 [handler.py:handle_request():131] handle_request: stop_status
2022-02-22 21:42:59,641 DEBUG   SenderThread:23000 [sender.py:send_request():249] send_request: stop_status
2022-02-22 21:43:14,850 DEBUG   HandlerThread:23000 [handler.py:handle_request():131] handle_request: stop_status
2022-02-22 21:43:14,852 DEBUG   SenderThread:23000 [sender.py:send_request():249] send_request: stop_status
2022-02-22 21:43:30,063 DEBUG   HandlerThread:23000 [handler.py:handle_request():131] handle_request: stop_status
2022-02-22 21:43:30,063 DEBUG   SenderThread:23000 [sender.py:send_request():249] send_request: stop_status
2022-02-22 21:43:45,316 DEBUG   HandlerThread:23000 [handler.py:handle_request():131] handle_request: stop_status
2022-02-22 21:43:45,316 DEBUG   SenderThread:23000 [sender.py:send_request():249] send_request: stop_status
2022-02-22 21:44:00,523 DEBUG   HandlerThread:23000 [handler.py:handle_request():131] handle_request: stop_status
2022-02-22 21:44:00,524 DEBUG   SenderThread:23000 [sender.py:send_request():249] send_request: stop_status
2022-02-22 21:44:15,744 DEBUG   HandlerThread:23000 [handler.py:handle_request():131] handle_request: stop_status
2022-02-22 21:44:15,744 DEBUG   SenderThread:23000 [sender.py:send_request():249] send_request: stop_status
2022-02-22 21:44:30,963 DEBUG   HandlerThread:23000 [handler.py:handle_request():131] handle_request: stop_status
2022-02-22 21:44:30,964 DEBUG   SenderThread:23000 [sender.py:send_request():249] send_request: stop_status
2022-02-22 21:44:46,172 DEBUG   HandlerThread:23000 [handler.py:handle_request():131] handle_request: stop_status
2022-02-22 21:44:46,172 DEBUG   SenderThread:23000 [sender.py:send_request():249] send_request: stop_status
2022-02-22 21:45:01,394 DEBUG   HandlerThread:23000 [handler.py:handle_request():131] handle_request: stop_status
2022-02-22 21:45:01,395 DEBUG   SenderThread:23000 [sender.py:send_request():249] send_request: stop_status
2022-02-22 21:45:16,618 DEBUG   HandlerThread:23000 [handler.py:handle_request():131] handle_request: stop_status
2022-02-22 21:45:16,619 DEBUG   SenderThread:23000 [sender.py:send_request():249] send_request: stop_status
2022-02-22 21:45:31,831 DEBUG   HandlerThread:23000 [handler.py:handle_request():131] handle_request: stop_status
2022-02-22 21:45:31,831 DEBUG   SenderThread:23000 [sender.py:send_request():249] send_request: stop_status
2022-02-22 21:45:47,049 DEBUG   HandlerThread:23000 [handler.py:handle_request():131] handle_request: stop_status
2022-02-22 21:45:47,049 DEBUG   SenderThread:23000 [sender.py:send_request():249] send_request: stop_status
2022-02-22 21:46:02,284 DEBUG   HandlerThread:23000 [handler.py:handle_request():131] handle_request: stop_status
2022-02-22 21:46:02,285 DEBUG   SenderThread:23000 [sender.py:send_request():249] send_request: stop_status
2022-02-22 21:46:17,564 DEBUG   HandlerThread:23000 [handler.py:handle_request():131] handle_request: stop_status
2022-02-22 21:46:17,565 DEBUG   SenderThread:23000 [sender.py:send_request():249] send_request: stop_status
2022-02-22 21:46:32,857 DEBUG   HandlerThread:23000 [handler.py:handle_request():131] handle_request: stop_status
2022-02-22 21:46:32,858 DEBUG   SenderThread:23000 [sender.py:send_request():249] send_request: stop_status
2022-02-22 21:46:48,093 DEBUG   HandlerThread:23000 [handler.py:handle_request():131] handle_request: stop_status
2022-02-22 21:46:48,093 DEBUG   SenderThread:23000 [sender.py:send_request():249] send_request: stop_status
2022-02-22 21:47:03,335 DEBUG   HandlerThread:23000 [handler.py:handle_request():131] handle_request: stop_status
2022-02-22 21:47:03,336 DEBUG   SenderThread:23000 [sender.py:send_request():249] send_request: stop_status
2022-02-22 21:47:18,567 DEBUG   HandlerThread:23000 [handler.py:handle_request():131] handle_request: stop_status
2022-02-22 21:47:18,568 DEBUG   SenderThread:23000 [sender.py:send_request():249] send_request: stop_status
2022-02-22 21:47:33,802 DEBUG   HandlerThread:23000 [handler.py:handle_request():131] handle_request: stop_status
2022-02-22 21:47:33,803 DEBUG   SenderThread:23000 [sender.py:send_request():249] send_request: stop_status
2022-02-22 21:47:49,030 DEBUG   HandlerThread:23000 [handler.py:handle_request():131] handle_request: stop_status
2022-02-22 21:47:49,031 DEBUG   SenderThread:23000 [sender.py:send_request():249] send_request: stop_status
2022-02-22 21:48:04,268 DEBUG   HandlerThread:23000 [handler.py:handle_request():131] handle_request: stop_status
2022-02-22 21:48:04,269 DEBUG   SenderThread:23000 [sender.py:send_request():249] send_request: stop_status
2022-02-22 21:48:19,502 DEBUG   HandlerThread:23000 [handler.py:handle_request():131] handle_request: stop_status
2022-02-22 21:48:19,503 DEBUG   SenderThread:23000 [sender.py:send_request():249] send_request: stop_status
2022-02-22 21:48:34,746 DEBUG   HandlerThread:23000 [handler.py:handle_request():131] handle_request: stop_status
2022-02-22 21:48:34,747 DEBUG   SenderThread:23000 [sender.py:send_request():249] send_request: stop_status
2022-02-22 21:48:49,970 DEBUG   HandlerThread:23000 [handler.py:handle_request():131] handle_request: stop_status
2022-02-22 21:48:49,971 DEBUG   SenderThread:23000 [sender.py:send_request():249] send_request: stop_status
2022-02-22 21:49:05,215 DEBUG   HandlerThread:23000 [handler.py:handle_request():131] handle_request: stop_status
2022-02-22 21:49:05,215 DEBUG   SenderThread:23000 [sender.py:send_request():249] send_request: stop_status
2022-02-22 21:49:22,087 DEBUG   HandlerThread:23000 [handler.py:handle_request():131] handle_request: stop_status
2022-02-22 21:49:22,087 DEBUG   SenderThread:23000 [sender.py:send_request():249] send_request: stop_status
2022-02-22 21:49:37,310 DEBUG   HandlerThread:23000 [handler.py:handle_request():131] handle_request: stop_status
2022-02-22 21:49:37,310 DEBUG   SenderThread:23000 [sender.py:send_request():249] send_request: stop_status
2022-02-22 21:49:52,526 DEBUG   HandlerThread:23000 [handler.py:handle_request():131] handle_request: stop_status
2022-02-22 21:49:52,526 DEBUG   SenderThread:23000 [sender.py:send_request():249] send_request: stop_status
2022-02-22 21:50:07,728 DEBUG   HandlerThread:23000 [handler.py:handle_request():131] handle_request: stop_status
2022-02-22 21:50:07,728 DEBUG   SenderThread:23000 [sender.py:send_request():249] send_request: stop_status
2022-02-22 21:50:22,948 DEBUG   HandlerThread:23000 [handler.py:handle_request():131] handle_request: stop_status
2022-02-22 21:50:22,948 DEBUG   SenderThread:23000 [sender.py:send_request():249] send_request: stop_status
2022-02-22 21:50:38,190 DEBUG   HandlerThread:23000 [handler.py:handle_request():131] handle_request: stop_status
2022-02-22 21:50:38,190 DEBUG   SenderThread:23000 [sender.py:send_request():249] send_request: stop_status
2022-02-22 21:50:53,397 DEBUG   HandlerThread:23000 [handler.py:handle_request():131] handle_request: stop_status
2022-02-22 21:50:53,397 DEBUG   SenderThread:23000 [sender.py:send_request():249] send_request: stop_status
2022-02-22 21:51:08,604 DEBUG   HandlerThread:23000 [handler.py:handle_request():131] handle_request: stop_status
2022-02-22 21:51:08,604 DEBUG   SenderThread:23000 [sender.py:send_request():249] send_request: stop_status
2022-02-22 21:51:23,935 DEBUG   HandlerThread:23000 [handler.py:handle_request():131] handle_request: stop_status
2022-02-22 21:51:23,935 DEBUG   SenderThread:23000 [sender.py:send_request():249] send_request: stop_status
2022-02-22 21:51:39,157 DEBUG   HandlerThread:23000 [handler.py:handle_request():131] handle_request: stop_status
2022-02-22 21:51:39,157 DEBUG   SenderThread:23000 [sender.py:send_request():249] send_request: stop_status
2022-02-22 21:51:54,359 DEBUG   HandlerThread:23000 [handler.py:handle_request():131] handle_request: stop_status
2022-02-22 21:51:54,359 DEBUG   SenderThread:23000 [sender.py:send_request():249] send_request: stop_status
2022-02-22 21:52:09,582 DEBUG   HandlerThread:23000 [handler.py:handle_request():131] handle_request: stop_status
2022-02-22 21:52:09,582 DEBUG   SenderThread:23000 [sender.py:send_request():249] send_request: stop_status
2022-02-22 21:52:24,871 DEBUG   HandlerThread:23000 [handler.py:handle_request():131] handle_request: stop_status
2022-02-22 21:52:24,871 DEBUG   SenderThread:23000 [sender.py:send_request():249] send_request: stop_status
2022-02-22 21:52:40,060 DEBUG   HandlerThread:23000 [handler.py:handle_request():131] handle_request: stop_status
2022-02-22 21:52:40,060 DEBUG   SenderThread:23000 [sender.py:send_request():249] send_request: stop_status
2022-02-22 21:52:55,280 DEBUG   HandlerThread:23000 [handler.py:handle_request():131] handle_request: stop_status
2022-02-22 21:52:55,280 DEBUG   SenderThread:23000 [sender.py:send_request():249] send_request: stop_status
2022-02-22 21:53:10,540 DEBUG   HandlerThread:23000 [handler.py:handle_request():131] handle_request: stop_status
2022-02-22 21:53:10,540 DEBUG   SenderThread:23000 [sender.py:send_request():249] send_request: stop_status
2022-02-22 21:53:25,757 DEBUG   HandlerThread:23000 [handler.py:handle_request():131] handle_request: stop_status
2022-02-22 21:53:25,757 DEBUG   SenderThread:23000 [sender.py:send_request():249] send_request: stop_status
2022-02-22 21:53:41,021 DEBUG   HandlerThread:23000 [handler.py:handle_request():131] handle_request: stop_status
2022-02-22 21:53:41,021 DEBUG   SenderThread:23000 [sender.py:send_request():249] send_request: stop_status
2022-02-22 21:53:56,227 DEBUG   HandlerThread:23000 [handler.py:handle_request():131] handle_request: stop_status
2022-02-22 21:53:56,227 DEBUG   SenderThread:23000 [sender.py:send_request():249] send_request: stop_status
2022-02-22 21:54:11,438 DEBUG   HandlerThread:23000 [handler.py:handle_request():131] handle_request: stop_status
2022-02-22 21:54:11,438 DEBUG   SenderThread:23000 [sender.py:send_request():249] send_request: stop_status
2022-02-22 21:54:26,643 DEBUG   HandlerThread:23000 [handler.py:handle_request():131] handle_request: stop_status
2022-02-22 21:54:26,643 DEBUG   SenderThread:23000 [sender.py:send_request():249] send_request: stop_status
2022-02-22 21:54:41,928 DEBUG   HandlerThread:23000 [handler.py:handle_request():131] handle_request: stop_status
2022-02-22 21:54:41,929 DEBUG   SenderThread:23000 [sender.py:send_request():249] send_request: stop_status
2022-02-22 21:54:57,131 DEBUG   HandlerThread:23000 [handler.py:handle_request():131] handle_request: stop_status
2022-02-22 21:54:57,132 DEBUG   SenderThread:23000 [sender.py:send_request():249] send_request: stop_status
2022-02-22 21:55:12,352 DEBUG   HandlerThread:23000 [handler.py:handle_request():131] handle_request: stop_status
2022-02-22 21:55:12,352 DEBUG   SenderThread:23000 [sender.py:send_request():249] send_request: stop_status
2022-02-22 21:55:27,581 DEBUG   HandlerThread:23000 [handler.py:handle_request():131] handle_request: stop_status
2022-02-22 21:55:27,581 DEBUG   SenderThread:23000 [sender.py:send_request():249] send_request: stop_status
2022-02-22 21:55:42,798 DEBUG   HandlerThread:23000 [handler.py:handle_request():131] handle_request: stop_status
2022-02-22 21:55:42,799 DEBUG   SenderThread:23000 [sender.py:send_request():249] send_request: stop_status
2022-02-22 21:55:58,057 DEBUG   HandlerThread:23000 [handler.py:handle_request():131] handle_request: stop_status
2022-02-22 21:55:58,057 DEBUG   SenderThread:23000 [sender.py:send_request():249] send_request: stop_status
2022-02-22 21:56:13,272 DEBUG   HandlerThread:23000 [handler.py:handle_request():131] handle_request: stop_status
2022-02-22 21:56:13,272 DEBUG   SenderThread:23000 [sender.py:send_request():249] send_request: stop_status
2022-02-22 21:56:28,488 DEBUG   HandlerThread:23000 [handler.py:handle_request():131] handle_request: stop_status
2022-02-22 21:56:28,488 DEBUG   SenderThread:23000 [sender.py:send_request():249] send_request: stop_status
2022-02-22 21:56:43,695 DEBUG   HandlerThread:23000 [handler.py:handle_request():131] handle_request: stop_status
2022-02-22 21:56:43,695 DEBUG   SenderThread:23000 [sender.py:send_request():249] send_request: stop_status
2022-02-22 21:56:58,919 DEBUG   HandlerThread:23000 [handler.py:handle_request():131] handle_request: stop_status
2022-02-22 21:56:58,919 DEBUG   SenderThread:23000 [sender.py:send_request():249] send_request: stop_status
2022-02-22 21:57:14,133 DEBUG   HandlerThread:23000 [handler.py:handle_request():131] handle_request: stop_status
2022-02-22 21:57:14,133 DEBUG   SenderThread:23000 [sender.py:send_request():249] send_request: stop_status
2022-02-22 21:57:29,349 DEBUG   HandlerThread:23000 [handler.py:handle_request():131] handle_request: stop_status
2022-02-22 21:57:29,349 DEBUG   SenderThread:23000 [sender.py:send_request():249] send_request: stop_status
2022-02-22 21:57:44,553 DEBUG   HandlerThread:23000 [handler.py:handle_request():131] handle_request: stop_status
2022-02-22 21:57:44,553 DEBUG   SenderThread:23000 [sender.py:send_request():249] send_request: stop_status
2022-02-22 21:57:59,769 DEBUG   HandlerThread:23000 [handler.py:handle_request():131] handle_request: stop_status
2022-02-22 21:57:59,769 DEBUG   SenderThread:23000 [sender.py:send_request():249] send_request: stop_status
2022-02-22 21:58:15,022 DEBUG   HandlerThread:23000 [handler.py:handle_request():131] handle_request: stop_status
2022-02-22 21:58:15,022 DEBUG   SenderThread:23000 [sender.py:send_request():249] send_request: stop_status
2022-02-22 21:58:30,213 DEBUG   HandlerThread:23000 [handler.py:handle_request():131] handle_request: stop_status
2022-02-22 21:58:30,213 DEBUG   SenderThread:23000 [sender.py:send_request():249] send_request: stop_status
2022-02-22 21:58:45,412 DEBUG   HandlerThread:23000 [handler.py:handle_request():131] handle_request: stop_status
2022-02-22 21:58:45,412 DEBUG   SenderThread:23000 [sender.py:send_request():249] send_request: stop_status
2022-02-22 21:59:00,615 DEBUG   HandlerThread:23000 [handler.py:handle_request():131] handle_request: stop_status
2022-02-22 21:59:00,615 DEBUG   SenderThread:23000 [sender.py:send_request():249] send_request: stop_status
2022-02-22 21:59:15,873 DEBUG   HandlerThread:23000 [handler.py:handle_request():131] handle_request: stop_status
2022-02-22 21:59:15,873 DEBUG   SenderThread:23000 [sender.py:send_request():249] send_request: stop_status
2022-02-22 21:59:31,075 DEBUG   HandlerThread:23000 [handler.py:handle_request():131] handle_request: stop_status
2022-02-22 21:59:31,076 DEBUG   SenderThread:23000 [sender.py:send_request():249] send_request: stop_status
2022-02-22 21:59:46,292 DEBUG   HandlerThread:23000 [handler.py:handle_request():131] handle_request: stop_status
2022-02-22 21:59:46,292 DEBUG   SenderThread:23000 [sender.py:send_request():249] send_request: stop_status
2022-02-22 22:00:01,503 DEBUG   HandlerThread:23000 [handler.py:handle_request():131] handle_request: stop_status
2022-02-22 22:00:01,503 DEBUG   SenderThread:23000 [sender.py:send_request():249] send_request: stop_status
2022-02-22 22:00:16,717 DEBUG   HandlerThread:23000 [handler.py:handle_request():131] handle_request: stop_status
2022-02-22 22:00:16,717 DEBUG   SenderThread:23000 [sender.py:send_request():249] send_request: stop_status
2022-02-22 22:00:31,935 DEBUG   HandlerThread:23000 [handler.py:handle_request():131] handle_request: stop_status
2022-02-22 22:00:31,935 DEBUG   SenderThread:23000 [sender.py:send_request():249] send_request: stop_status
2022-02-22 22:00:47,134 DEBUG   HandlerThread:23000 [handler.py:handle_request():131] handle_request: stop_status
2022-02-22 22:00:47,134 DEBUG   SenderThread:23000 [sender.py:send_request():249] send_request: stop_status
2022-02-22 22:01:02,347 DEBUG   HandlerThread:23000 [handler.py:handle_request():131] handle_request: stop_status
2022-02-22 22:01:02,347 DEBUG   SenderThread:23000 [sender.py:send_request():249] send_request: stop_status
2022-02-22 22:01:17,567 DEBUG   HandlerThread:23000 [handler.py:handle_request():131] handle_request: stop_status
2022-02-22 22:01:17,568 DEBUG   SenderThread:23000 [sender.py:send_request():249] send_request: stop_status
2022-02-22 22:01:32,769 DEBUG   HandlerThread:23000 [handler.py:handle_request():131] handle_request: stop_status
2022-02-22 22:01:32,769 DEBUG   SenderThread:23000 [sender.py:send_request():249] send_request: stop_status
2022-02-22 22:01:47,989 DEBUG   HandlerThread:23000 [handler.py:handle_request():131] handle_request: stop_status
2022-02-22 22:01:47,989 DEBUG   SenderThread:23000 [sender.py:send_request():249] send_request: stop_status
2022-02-22 22:02:03,216 DEBUG   HandlerThread:23000 [handler.py:handle_request():131] handle_request: stop_status
2022-02-22 22:02:03,216 DEBUG   SenderThread:23000 [sender.py:send_request():249] send_request: stop_status
2022-02-22 22:02:18,487 DEBUG   HandlerThread:23000 [handler.py:handle_request():131] handle_request: stop_status
2022-02-22 22:02:18,487 DEBUG   SenderThread:23000 [sender.py:send_request():249] send_request: stop_status
2022-02-22 22:02:33,701 DEBUG   HandlerThread:23000 [handler.py:handle_request():131] handle_request: stop_status
2022-02-22 22:02:33,701 DEBUG   SenderThread:23000 [sender.py:send_request():249] send_request: stop_status
2022-02-22 22:02:48,901 DEBUG   HandlerThread:23000 [handler.py:handle_request():131] handle_request: stop_status
2022-02-22 22:02:48,901 DEBUG   SenderThread:23000 [sender.py:send_request():249] send_request: stop_status
2022-02-22 22:03:04,108 DEBUG   HandlerThread:23000 [handler.py:handle_request():131] handle_request: stop_status
2022-02-22 22:03:04,108 DEBUG   SenderThread:23000 [sender.py:send_request():249] send_request: stop_status
2022-02-22 22:03:19,321 DEBUG   HandlerThread:23000 [handler.py:handle_request():131] handle_request: stop_status
2022-02-22 22:03:19,321 DEBUG   SenderThread:23000 [sender.py:send_request():249] send_request: stop_status
2022-02-22 22:03:34,556 DEBUG   HandlerThread:23000 [handler.py:handle_request():131] handle_request: stop_status
2022-02-22 22:03:34,556 DEBUG   SenderThread:23000 [sender.py:send_request():249] send_request: stop_status
2022-02-22 22:03:49,754 DEBUG   HandlerThread:23000 [handler.py:handle_request():131] handle_request: stop_status
2022-02-22 22:03:49,754 DEBUG   SenderThread:23000 [sender.py:send_request():249] send_request: stop_status
2022-02-22 22:04:04,967 DEBUG   HandlerThread:23000 [handler.py:handle_request():131] handle_request: stop_status
2022-02-22 22:04:04,967 DEBUG   SenderThread:23000 [sender.py:send_request():249] send_request: stop_status
2022-02-22 22:04:20,176 DEBUG   HandlerThread:23000 [handler.py:handle_request():131] handle_request: stop_status
2022-02-22 22:04:20,176 DEBUG   SenderThread:23000 [sender.py:send_request():249] send_request: stop_status
2022-02-22 22:04:35,387 DEBUG   HandlerThread:23000 [handler.py:handle_request():131] handle_request: stop_status
2022-02-22 22:04:35,388 DEBUG   SenderThread:23000 [sender.py:send_request():249] send_request: stop_status
2022-02-22 22:04:50,597 DEBUG   HandlerThread:23000 [handler.py:handle_request():131] handle_request: stop_status
2022-02-22 22:04:50,597 DEBUG   SenderThread:23000 [sender.py:send_request():249] send_request: stop_status
2022-02-22 22:05:05,814 DEBUG   HandlerThread:23000 [handler.py:handle_request():131] handle_request: stop_status
2022-02-22 22:05:05,814 DEBUG   SenderThread:23000 [sender.py:send_request():249] send_request: stop_status
2022-02-22 22:05:21,135 DEBUG   HandlerThread:23000 [handler.py:handle_request():131] handle_request: stop_status
2022-02-22 22:05:21,135 DEBUG   SenderThread:23000 [sender.py:send_request():249] send_request: stop_status
2022-02-22 22:05:36,369 DEBUG   HandlerThread:23000 [handler.py:handle_request():131] handle_request: stop_status
2022-02-22 22:05:36,369 DEBUG   SenderThread:23000 [sender.py:send_request():249] send_request: stop_status
2022-02-22 22:05:51,574 DEBUG   HandlerThread:23000 [handler.py:handle_request():131] handle_request: stop_status
2022-02-22 22:05:51,575 DEBUG   SenderThread:23000 [sender.py:send_request():249] send_request: stop_status
2022-02-22 22:06:06,787 DEBUG   HandlerThread:23000 [handler.py:handle_request():131] handle_request: stop_status
2022-02-22 22:06:06,787 DEBUG   SenderThread:23000 [sender.py:send_request():249] send_request: stop_status
2022-02-22 22:06:22,037 DEBUG   HandlerThread:23000 [handler.py:handle_request():131] handle_request: stop_status
2022-02-22 22:06:22,037 DEBUG   SenderThread:23000 [sender.py:send_request():249] send_request: stop_status
2022-02-22 22:06:37,222 DEBUG   HandlerThread:23000 [handler.py:handle_request():131] handle_request: stop_status
2022-02-22 22:06:37,222 DEBUG   SenderThread:23000 [sender.py:send_request():249] send_request: stop_status
2022-02-22 22:06:52,440 DEBUG   HandlerThread:23000 [handler.py:handle_request():131] handle_request: stop_status
2022-02-22 22:06:52,440 DEBUG   SenderThread:23000 [sender.py:send_request():249] send_request: stop_status
2022-02-22 22:07:07,696 DEBUG   HandlerThread:23000 [handler.py:handle_request():131] handle_request: stop_status
2022-02-22 22:07:07,696 DEBUG   SenderThread:23000 [sender.py:send_request():249] send_request: stop_status
2022-02-22 22:07:22,898 DEBUG   HandlerThread:23000 [handler.py:handle_request():131] handle_request: stop_status
2022-02-22 22:07:22,898 DEBUG   SenderThread:23000 [sender.py:send_request():249] send_request: stop_status
2022-02-22 22:07:38,103 DEBUG   HandlerThread:23000 [handler.py:handle_request():131] handle_request: stop_status
2022-02-22 22:07:38,103 DEBUG   SenderThread:23000 [sender.py:send_request():249] send_request: stop_status
2022-02-22 22:07:53,317 DEBUG   HandlerThread:23000 [handler.py:handle_request():131] handle_request: stop_status
2022-02-22 22:07:53,318 DEBUG   SenderThread:23000 [sender.py:send_request():249] send_request: stop_status
2022-02-22 22:08:08,525 DEBUG   HandlerThread:23000 [handler.py:handle_request():131] handle_request: stop_status
2022-02-22 22:08:08,525 DEBUG   SenderThread:23000 [sender.py:send_request():249] send_request: stop_status
2022-02-22 22:08:23,792 DEBUG   HandlerThread:23000 [handler.py:handle_request():131] handle_request: stop_status
2022-02-22 22:08:23,792 DEBUG   SenderThread:23000 [sender.py:send_request():249] send_request: stop_status
2022-02-22 22:08:39,042 DEBUG   HandlerThread:23000 [handler.py:handle_request():131] handle_request: stop_status
2022-02-22 22:08:39,042 DEBUG   SenderThread:23000 [sender.py:send_request():249] send_request: stop_status
2022-02-22 22:08:54,245 DEBUG   HandlerThread:23000 [handler.py:handle_request():131] handle_request: stop_status
2022-02-22 22:08:54,245 DEBUG   SenderThread:23000 [sender.py:send_request():249] send_request: stop_status
2022-02-22 22:09:09,744 DEBUG   HandlerThread:23000 [handler.py:handle_request():131] handle_request: stop_status
2022-02-22 22:09:09,744 DEBUG   SenderThread:23000 [sender.py:send_request():249] send_request: stop_status
2022-02-22 22:09:24,951 DEBUG   HandlerThread:23000 [handler.py:handle_request():131] handle_request: stop_status
2022-02-22 22:09:24,951 DEBUG   SenderThread:23000 [sender.py:send_request():249] send_request: stop_status
2022-02-22 22:09:40,163 DEBUG   HandlerThread:23000 [handler.py:handle_request():131] handle_request: stop_status
2022-02-22 22:09:40,163 DEBUG   SenderThread:23000 [sender.py:send_request():249] send_request: stop_status
2022-02-22 22:09:55,368 DEBUG   HandlerThread:23000 [handler.py:handle_request():131] handle_request: stop_status
2022-02-22 22:09:55,368 DEBUG   SenderThread:23000 [sender.py:send_request():249] send_request: stop_status
2022-02-22 22:10:10,572 DEBUG   HandlerThread:23000 [handler.py:handle_request():131] handle_request: stop_status
2022-02-22 22:10:10,572 DEBUG   SenderThread:23000 [sender.py:send_request():249] send_request: stop_status
2022-02-22 22:10:25,795 DEBUG   HandlerThread:23000 [handler.py:handle_request():131] handle_request: stop_status
2022-02-22 22:10:25,795 DEBUG   SenderThread:23000 [sender.py:send_request():249] send_request: stop_status
2022-02-22 22:10:41,001 DEBUG   HandlerThread:23000 [handler.py:handle_request():131] handle_request: stop_status
2022-02-22 22:10:41,001 DEBUG   SenderThread:23000 [sender.py:send_request():249] send_request: stop_status
2022-02-22 22:10:56,204 DEBUG   HandlerThread:23000 [handler.py:handle_request():131] handle_request: stop_status
2022-02-22 22:10:56,204 DEBUG   SenderThread:23000 [sender.py:send_request():249] send_request: stop_status
2022-02-22 22:11:11,412 DEBUG   HandlerThread:23000 [handler.py:handle_request():131] handle_request: stop_status
2022-02-22 22:11:11,412 DEBUG   SenderThread:23000 [sender.py:send_request():249] send_request: stop_status
2022-02-22 22:11:26,623 DEBUG   HandlerThread:23000 [handler.py:handle_request():131] handle_request: stop_status
2022-02-22 22:11:26,623 DEBUG   SenderThread:23000 [sender.py:send_request():249] send_request: stop_status
2022-02-22 22:11:41,883 DEBUG   HandlerThread:23000 [handler.py:handle_request():131] handle_request: stop_status
2022-02-22 22:11:41,884 DEBUG   SenderThread:23000 [sender.py:send_request():249] send_request: stop_status
2022-02-23 10:37:04,535 DEBUG   HandlerThread:23000 [handler.py:handle_request():131] handle_request: stop_status
2022-02-23 10:37:04,535 DEBUG   SenderThread:23000 [sender.py:send_request():249] send_request: stop_status
2022-02-23 10:37:17,739 WARNING FileStreamThread:23000 [file_stream.py:request_with_retry():594] requests_with_retry encountered retryable exception: ('Connection aborted.', ConnectionResetError(10054, 'An existing connection was forcibly closed by the remote host', None, 10054, None)). func: <bound method Session.post of <requests.sessions.Session object at 0x00000147280B1580>>, args: ('https://api.wandb.ai/files/alepes/D7041E/388vck2j/file_stream',), kwargs: {'json': {'complete': False, 'failed': False, 'dropped': 0, 'uploaded': []}}
2022-02-23 10:37:20,119 DEBUG   HandlerThread:23000 [handler.py:handle_request():131] handle_request: stop_status
2022-02-23 10:37:20,119 DEBUG   SenderThread:23000 [sender.py:send_request():249] send_request: stop_status
2022-02-23 10:37:35,636 DEBUG   HandlerThread:23000 [handler.py:handle_request():131] handle_request: stop_status
2022-02-23 10:37:35,636 DEBUG   SenderThread:23000 [sender.py:send_request():249] send_request: stop_status
2022-02-23 10:37:51,027 DEBUG   HandlerThread:23000 [handler.py:handle_request():131] handle_request: stop_status
2022-02-23 10:37:51,027 DEBUG   SenderThread:23000 [sender.py:send_request():249] send_request: stop_status
2022-02-23 10:38:06,531 DEBUG   HandlerThread:23000 [handler.py:handle_request():131] handle_request: stop_status
2022-02-23 10:38:06,531 DEBUG   SenderThread:23000 [sender.py:send_request():249] send_request: stop_status
2022-02-23 10:38:21,830 DEBUG   HandlerThread:23000 [handler.py:handle_request():131] handle_request: stop_status
2022-02-23 10:38:21,830 DEBUG   SenderThread:23000 [sender.py:send_request():249] send_request: stop_status
2022-02-23 10:38:37,027 DEBUG   HandlerThread:23000 [handler.py:handle_request():131] handle_request: stop_status
2022-02-23 10:38:37,028 DEBUG   SenderThread:23000 [sender.py:send_request():249] send_request: stop_status
2022-02-23 10:38:52,294 DEBUG   HandlerThread:23000 [handler.py:handle_request():131] handle_request: stop_status
2022-02-23 10:38:52,295 DEBUG   SenderThread:23000 [sender.py:send_request():249] send_request: stop_status
2022-02-23 10:39:07,509 DEBUG   HandlerThread:23000 [handler.py:handle_request():131] handle_request: stop_status
2022-02-23 10:39:07,509 DEBUG   SenderThread:23000 [sender.py:send_request():249] send_request: stop_status
2022-02-23 10:39:22,729 DEBUG   HandlerThread:23000 [handler.py:handle_request():131] handle_request: stop_status
2022-02-23 10:39:22,729 DEBUG   SenderThread:23000 [sender.py:send_request():249] send_request: stop_status
2022-02-23 10:39:37,944 DEBUG   HandlerThread:23000 [handler.py:handle_request():131] handle_request: stop_status
2022-02-23 10:39:37,944 DEBUG   SenderThread:23000 [sender.py:send_request():249] send_request: stop_status
2022-02-23 10:39:57,962 DEBUG   HandlerThread:23000 [handler.py:handle_request():131] handle_request: stop_status
2022-02-23 10:40:11,516 ERROR   SenderThread:23000 [retry.py:__call__():126] Retry attempt failed:
Traceback (most recent call last):
  File "E:\skola\code\New folder\envs\ann2test\lib\site-packages\urllib3\connectionpool.py", line 445, in _make_request
    six.raise_from(e, None)
  File "<string>", line 3, in raise_from
  File "E:\skola\code\New folder\envs\ann2test\lib\site-packages\urllib3\connectionpool.py", line 440, in _make_request
    httplib_response = conn.getresponse()
  File "E:\skola\code\New folder\envs\ann2test\lib\http\client.py", line 1348, in getresponse
    response.begin()
  File "E:\skola\code\New folder\envs\ann2test\lib\http\client.py", line 316, in begin
    version, status, reason = self._read_status()
  File "E:\skola\code\New folder\envs\ann2test\lib\http\client.py", line 277, in _read_status
    line = str(self.fp.readline(_MAXLINE + 1), "iso-8859-1")
  File "E:\skola\code\New folder\envs\ann2test\lib\socket.py", line 669, in readinto
    return self._sock.recv_into(b)
  File "E:\skola\code\New folder\envs\ann2test\lib\ssl.py", line 1241, in recv_into
    return self.read(nbytes, buffer)
  File "E:\skola\code\New folder\envs\ann2test\lib\ssl.py", line 1099, in read
    return self._sslobj.read(len, buffer)
socket.timeout: The read operation timed out

During handling of the above exception, another exception occurred:

Traceback (most recent call last):
  File "E:\skola\code\New folder\envs\ann2test\lib\site-packages\requests\adapters.py", line 439, in send
    resp = conn.urlopen(
  File "E:\skola\code\New folder\envs\ann2test\lib\site-packages\urllib3\connectionpool.py", line 755, in urlopen
    retries = retries.increment(
  File "E:\skola\code\New folder\envs\ann2test\lib\site-packages\urllib3\util\retry.py", line 532, in increment
    raise six.reraise(type(error), error, _stacktrace)
  File "E:\skola\code\New folder\envs\ann2test\lib\site-packages\urllib3\packages\six.py", line 770, in reraise
    raise value
  File "E:\skola\code\New folder\envs\ann2test\lib\site-packages\urllib3\connectionpool.py", line 699, in urlopen
    httplib_response = self._make_request(
  File "E:\skola\code\New folder\envs\ann2test\lib\site-packages\urllib3\connectionpool.py", line 447, in _make_request
    self._raise_timeout(err=e, url=url, timeout_value=read_timeout)
  File "E:\skola\code\New folder\envs\ann2test\lib\site-packages\urllib3\connectionpool.py", line 336, in _raise_timeout
    raise ReadTimeoutError(
urllib3.exceptions.ReadTimeoutError: HTTPSConnectionPool(host='api.wandb.ai', port=443): Read timed out. (read timeout=10)

During handling of the above exception, another exception occurred:

Traceback (most recent call last):
  File "E:\skola\code\New folder\envs\ann2test\lib\site-packages\wandb\sdk\lib\retry.py", line 102, in __call__
    result = self._call_fn(*args, **kwargs)
  File "E:\skola\code\New folder\envs\ann2test\lib\site-packages\wandb\sdk\internal\internal_api.py", line 140, in execute
    return self.client.execute(*args, **kwargs)
  File "E:\skola\code\New folder\envs\ann2test\lib\site-packages\wandb\vendor\gql-0.2.0\gql\client.py", line 52, in execute
    result = self._get_result(document, *args, **kwargs)
  File "E:\skola\code\New folder\envs\ann2test\lib\site-packages\wandb\vendor\gql-0.2.0\gql\client.py", line 60, in _get_result
    return self.transport.execute(document, *args, **kwargs)
  File "E:\skola\code\New folder\envs\ann2test\lib\site-packages\wandb\vendor\gql-0.2.0\gql\transport\requests.py", line 38, in execute
    request = requests.post(self.url, **post_args)
  File "E:\skola\code\New folder\envs\ann2test\lib\site-packages\requests\api.py", line 117, in post
    return request('post', url, data=data, json=json, **kwargs)
  File "E:\skola\code\New folder\envs\ann2test\lib\site-packages\requests\api.py", line 61, in request
    return session.request(method=method, url=url, **kwargs)
  File "E:\skola\code\New folder\envs\ann2test\lib\site-packages\requests\sessions.py", line 542, in request
    resp = self.send(prep, **send_kwargs)
  File "E:\skola\code\New folder\envs\ann2test\lib\site-packages\requests\sessions.py", line 655, in send
    r = adapter.send(request, **kwargs)
  File "E:\skola\code\New folder\envs\ann2test\lib\site-packages\requests\adapters.py", line 529, in send
    raise ReadTimeout(e, request=request)
requests.exceptions.ReadTimeout: HTTPSConnectionPool(host='api.wandb.ai', port=443): Read timed out. (read timeout=10)
2022-02-23 10:40:17,983 DEBUG   HandlerThread:23000 [handler.py:handle_request():131] handle_request: stop_status
2022-02-23 10:40:38,000 DEBUG   HandlerThread:23000 [handler.py:handle_request():131] handle_request: stop_status
2022-02-23 10:40:46,412 WARNING FileStreamThread:23000 [file_stream.py:request_with_retry():594] requests_with_retry encountered retryable exception: 500 Server Error: Internal Server Error for url: https://api.wandb.ai/files/alepes/D7041E/388vck2j/file_stream. func: <bound method Session.post of <requests.sessions.Session object at 0x00000147280B1580>>, args: ('https://api.wandb.ai/files/alepes/D7041E/388vck2j/file_stream',), kwargs: {'json': {'complete': False, 'failed': False, 'dropped': 0, 'uploaded': []}}
2022-02-23 10:40:58,005 DEBUG   HandlerThread:23000 [handler.py:handle_request():131] handle_request: stop_status
2022-02-23 10:41:09,286 DEBUG   SenderThread:23000 [sender.py:send_request():249] send_request: stop_status
2022-02-23 10:41:09,977 DEBUG   SenderThread:23000 [sender.py:send_request():249] send_request: stop_status
2022-02-23 10:41:12,487 DEBUG   SenderThread:23000 [sender.py:send_request():249] send_request: stop_status
2022-02-23 10:41:13,774 DEBUG   SenderThread:23000 [sender.py:send_request():249] send_request: stop_status
2022-02-23 10:41:18,023 DEBUG   HandlerThread:23000 [handler.py:handle_request():131] handle_request: stop_status
2022-02-23 10:41:18,024 DEBUG   SenderThread:23000 [sender.py:send_request():249] send_request: stop_status
2022-02-23 10:41:33,672 DEBUG   HandlerThread:23000 [handler.py:handle_request():131] handle_request: stop_status
2022-02-23 10:41:33,672 DEBUG   SenderThread:23000 [sender.py:send_request():249] send_request: stop_status
2022-02-23 10:41:48,950 DEBUG   HandlerThread:23000 [handler.py:handle_request():131] handle_request: stop_status
2022-02-23 10:41:48,950 DEBUG   SenderThread:23000 [sender.py:send_request():249] send_request: stop_status
2022-02-23 10:42:04,247 DEBUG   HandlerThread:23000 [handler.py:handle_request():131] handle_request: stop_status
2022-02-23 10:42:04,248 DEBUG   SenderThread:23000 [sender.py:send_request():249] send_request: stop_status
2022-02-23 10:42:19,490 DEBUG   HandlerThread:23000 [handler.py:handle_request():131] handle_request: stop_status
2022-02-23 10:42:19,490 DEBUG   SenderThread:23000 [sender.py:send_request():249] send_request: stop_status
2022-02-23 10:42:34,715 DEBUG   HandlerThread:23000 [handler.py:handle_request():131] handle_request: stop_status
2022-02-23 10:42:34,716 DEBUG   SenderThread:23000 [sender.py:send_request():249] send_request: stop_status
2022-02-23 10:42:49,937 DEBUG   HandlerThread:23000 [handler.py:handle_request():131] handle_request: stop_status
2022-02-23 10:42:49,938 DEBUG   SenderThread:23000 [sender.py:send_request():249] send_request: stop_status
2022-02-23 10:43:05,149 DEBUG   HandlerThread:23000 [handler.py:handle_request():131] handle_request: stop_status
2022-02-23 10:43:05,149 DEBUG   SenderThread:23000 [sender.py:send_request():249] send_request: stop_status
2022-02-23 10:43:20,372 DEBUG   HandlerThread:23000 [handler.py:handle_request():131] handle_request: stop_status
2022-02-23 10:43:20,372 DEBUG   SenderThread:23000 [sender.py:send_request():249] send_request: stop_status
2022-02-23 10:43:35,592 DEBUG   HandlerThread:23000 [handler.py:handle_request():131] handle_request: stop_status
2022-02-23 10:43:35,592 DEBUG   SenderThread:23000 [sender.py:send_request():249] send_request: stop_status
2022-02-23 10:43:50,786 DEBUG   HandlerThread:23000 [handler.py:handle_request():131] handle_request: stop_status
2022-02-23 10:43:50,786 DEBUG   SenderThread:23000 [sender.py:send_request():249] send_request: stop_status
2022-02-23 10:44:05,989 DEBUG   HandlerThread:23000 [handler.py:handle_request():131] handle_request: stop_status
2022-02-23 10:44:05,989 DEBUG   SenderThread:23000 [sender.py:send_request():249] send_request: stop_status
2022-02-23 10:44:21,243 DEBUG   HandlerThread:23000 [handler.py:handle_request():131] handle_request: stop_status
2022-02-23 10:44:21,243 DEBUG   SenderThread:23000 [sender.py:send_request():249] send_request: stop_status
2022-02-23 10:44:36,447 DEBUG   HandlerThread:23000 [handler.py:handle_request():131] handle_request: stop_status
2022-02-23 10:44:36,447 DEBUG   SenderThread:23000 [sender.py:send_request():249] send_request: stop_status
2022-02-23 10:44:51,674 DEBUG   HandlerThread:23000 [handler.py:handle_request():131] handle_request: stop_status
2022-02-23 10:44:51,674 DEBUG   SenderThread:23000 [sender.py:send_request():249] send_request: stop_status
2022-02-23 10:45:06,870 DEBUG   HandlerThread:23000 [handler.py:handle_request():131] handle_request: stop_status
2022-02-23 10:45:06,870 DEBUG   SenderThread:23000 [sender.py:send_request():249] send_request: stop_status
2022-02-23 10:45:22,081 DEBUG   HandlerThread:23000 [handler.py:handle_request():131] handle_request: stop_status
2022-02-23 10:45:22,081 DEBUG   SenderThread:23000 [sender.py:send_request():249] send_request: stop_status
2022-02-23 10:45:37,307 DEBUG   HandlerThread:23000 [handler.py:handle_request():131] handle_request: stop_status
2022-02-23 10:45:37,307 DEBUG   SenderThread:23000 [sender.py:send_request():249] send_request: stop_status
2022-02-23 10:45:52,532 DEBUG   HandlerThread:23000 [handler.py:handle_request():131] handle_request: stop_status
2022-02-23 10:45:52,532 DEBUG   SenderThread:23000 [sender.py:send_request():249] send_request: stop_status
2022-02-23 10:46:07,785 DEBUG   HandlerThread:23000 [handler.py:handle_request():131] handle_request: stop_status
2022-02-23 10:46:07,785 DEBUG   SenderThread:23000 [sender.py:send_request():249] send_request: stop_status
2022-02-23 10:46:22,994 DEBUG   HandlerThread:23000 [handler.py:handle_request():131] handle_request: stop_status
2022-02-23 10:46:22,994 DEBUG   SenderThread:23000 [sender.py:send_request():249] send_request: stop_status
2022-02-23 10:46:38,211 DEBUG   HandlerThread:23000 [handler.py:handle_request():131] handle_request: stop_status
2022-02-23 10:46:38,211 DEBUG   SenderThread:23000 [sender.py:send_request():249] send_request: stop_status
2022-02-23 10:46:53,422 DEBUG   HandlerThread:23000 [handler.py:handle_request():131] handle_request: stop_status
2022-02-23 10:46:53,422 DEBUG   SenderThread:23000 [sender.py:send_request():249] send_request: stop_status
2022-02-23 10:47:08,637 DEBUG   HandlerThread:23000 [handler.py:handle_request():131] handle_request: stop_status
2022-02-23 10:47:08,637 DEBUG   SenderThread:23000 [sender.py:send_request():249] send_request: stop_status
2022-02-23 10:47:23,848 DEBUG   HandlerThread:23000 [handler.py:handle_request():131] handle_request: stop_status
2022-02-23 10:47:23,848 DEBUG   SenderThread:23000 [sender.py:send_request():249] send_request: stop_status
2022-02-23 10:47:39,060 DEBUG   HandlerThread:23000 [handler.py:handle_request():131] handle_request: stop_status
2022-02-23 10:47:39,060 DEBUG   SenderThread:23000 [sender.py:send_request():249] send_request: stop_status
2022-02-23 10:47:55,112 DEBUG   HandlerThread:23000 [handler.py:handle_request():131] handle_request: stop_status
2022-02-23 10:47:55,112 DEBUG   SenderThread:23000 [sender.py:send_request():249] send_request: stop_status
2022-02-23 10:48:10,328 DEBUG   HandlerThread:23000 [handler.py:handle_request():131] handle_request: stop_status
2022-02-23 10:48:10,328 DEBUG   SenderThread:23000 [sender.py:send_request():249] send_request: stop_status
2022-02-23 10:48:25,536 DEBUG   HandlerThread:23000 [handler.py:handle_request():131] handle_request: stop_status
2022-02-23 10:48:25,536 DEBUG   SenderThread:23000 [sender.py:send_request():249] send_request: stop_status
2022-02-23 10:48:40,741 DEBUG   HandlerThread:23000 [handler.py:handle_request():131] handle_request: stop_status
2022-02-23 10:48:40,741 DEBUG   SenderThread:23000 [sender.py:send_request():249] send_request: stop_status
2022-02-23 10:48:55,949 DEBUG   HandlerThread:23000 [handler.py:handle_request():131] handle_request: stop_status
2022-02-23 10:48:55,949 DEBUG   SenderThread:23000 [sender.py:send_request():249] send_request: stop_status
2022-02-23 10:49:11,148 DEBUG   HandlerThread:23000 [handler.py:handle_request():131] handle_request: stop_status
2022-02-23 10:49:11,148 DEBUG   SenderThread:23000 [sender.py:send_request():249] send_request: stop_status
2022-02-23 10:49:26,369 DEBUG   HandlerThread:23000 [handler.py:handle_request():131] handle_request: stop_status
2022-02-23 10:49:26,370 DEBUG   SenderThread:23000 [sender.py:send_request():249] send_request: stop_status
2022-02-23 10:49:41,562 DEBUG   HandlerThread:23000 [handler.py:handle_request():131] handle_request: stop_status
2022-02-23 10:49:41,562 DEBUG   SenderThread:23000 [sender.py:send_request():249] send_request: stop_status
2022-02-23 10:49:56,769 DEBUG   HandlerThread:23000 [handler.py:handle_request():131] handle_request: stop_status
2022-02-23 10:49:56,769 DEBUG   SenderThread:23000 [sender.py:send_request():249] send_request: stop_status
2022-02-23 10:50:12,003 DEBUG   HandlerThread:23000 [handler.py:handle_request():131] handle_request: stop_status
2022-02-23 10:50:12,003 DEBUG   SenderThread:23000 [sender.py:send_request():249] send_request: stop_status
2022-02-23 10:50:27,218 DEBUG   HandlerThread:23000 [handler.py:handle_request():131] handle_request: stop_status
2022-02-23 10:50:27,218 DEBUG   SenderThread:23000 [sender.py:send_request():249] send_request: stop_status
2022-02-23 10:50:42,420 DEBUG   HandlerThread:23000 [handler.py:handle_request():131] handle_request: stop_status
2022-02-23 10:50:42,421 DEBUG   SenderThread:23000 [sender.py:send_request():249] send_request: stop_status
2022-02-23 10:50:57,633 DEBUG   HandlerThread:23000 [handler.py:handle_request():131] handle_request: stop_status
2022-02-23 10:50:57,633 DEBUG   SenderThread:23000 [sender.py:send_request():249] send_request: stop_status
2022-02-23 10:51:12,841 DEBUG   HandlerThread:23000 [handler.py:handle_request():131] handle_request: stop_status
2022-02-23 10:51:12,841 DEBUG   SenderThread:23000 [sender.py:send_request():249] send_request: stop_status
2022-02-23 10:51:28,050 DEBUG   HandlerThread:23000 [handler.py:handle_request():131] handle_request: stop_status
2022-02-23 10:51:28,050 DEBUG   SenderThread:23000 [sender.py:send_request():249] send_request: stop_status
2022-02-23 10:51:43,281 DEBUG   HandlerThread:23000 [handler.py:handle_request():131] handle_request: stop_status
2022-02-23 10:51:43,281 DEBUG   SenderThread:23000 [sender.py:send_request():249] send_request: stop_status
2022-02-23 10:51:58,497 DEBUG   HandlerThread:23000 [handler.py:handle_request():131] handle_request: stop_status
2022-02-23 10:51:58,497 DEBUG   SenderThread:23000 [sender.py:send_request():249] send_request: stop_status
2022-02-23 10:52:13,739 DEBUG   HandlerThread:23000 [handler.py:handle_request():131] handle_request: stop_status
2022-02-23 10:52:13,739 DEBUG   SenderThread:23000 [sender.py:send_request():249] send_request: stop_status
2022-02-23 10:52:28,954 DEBUG   HandlerThread:23000 [handler.py:handle_request():131] handle_request: stop_status
2022-02-23 10:52:28,955 DEBUG   SenderThread:23000 [sender.py:send_request():249] send_request: stop_status
2022-02-23 10:52:44,162 DEBUG   HandlerThread:23000 [handler.py:handle_request():131] handle_request: stop_status
2022-02-23 10:52:44,162 DEBUG   SenderThread:23000 [sender.py:send_request():249] send_request: stop_status
2022-02-23 10:52:59,376 DEBUG   HandlerThread:23000 [handler.py:handle_request():131] handle_request: stop_status
2022-02-23 10:52:59,376 DEBUG   SenderThread:23000 [sender.py:send_request():249] send_request: stop_status
2022-02-23 10:53:14,578 DEBUG   HandlerThread:23000 [handler.py:handle_request():131] handle_request: stop_status
2022-02-23 10:53:14,578 DEBUG   SenderThread:23000 [sender.py:send_request():249] send_request: stop_status
2022-02-23 10:53:29,800 DEBUG   HandlerThread:23000 [handler.py:handle_request():131] handle_request: stop_status
2022-02-23 10:53:29,800 DEBUG   SenderThread:23000 [sender.py:send_request():249] send_request: stop_status
2022-02-23 10:53:44,988 DEBUG   HandlerThread:23000 [handler.py:handle_request():131] handle_request: stop_status
2022-02-23 10:53:44,989 DEBUG   SenderThread:23000 [sender.py:send_request():249] send_request: stop_status
2022-02-23 10:54:00,211 DEBUG   HandlerThread:23000 [handler.py:handle_request():131] handle_request: stop_status
2022-02-23 10:54:00,211 DEBUG   SenderThread:23000 [sender.py:send_request():249] send_request: stop_status
2022-02-23 10:54:15,440 DEBUG   HandlerThread:23000 [handler.py:handle_request():131] handle_request: stop_status
2022-02-23 10:54:15,440 DEBUG   SenderThread:23000 [sender.py:send_request():249] send_request: stop_status
2022-02-23 10:54:30,664 DEBUG   HandlerThread:23000 [handler.py:handle_request():131] handle_request: stop_status
2022-02-23 10:54:30,664 DEBUG   SenderThread:23000 [sender.py:send_request():249] send_request: stop_status
2022-02-23 10:54:45,865 DEBUG   HandlerThread:23000 [handler.py:handle_request():131] handle_request: stop_status
2022-02-23 10:54:45,865 DEBUG   SenderThread:23000 [sender.py:send_request():249] send_request: stop_status
2022-02-23 10:55:01,085 DEBUG   HandlerThread:23000 [handler.py:handle_request():131] handle_request: stop_status
2022-02-23 10:55:01,085 DEBUG   SenderThread:23000 [sender.py:send_request():249] send_request: stop_status
2022-02-23 10:55:16,303 DEBUG   HandlerThread:23000 [handler.py:handle_request():131] handle_request: stop_status
2022-02-23 10:55:16,303 DEBUG   SenderThread:23000 [sender.py:send_request():249] send_request: stop_status
2022-02-23 10:55:31,554 DEBUG   HandlerThread:23000 [handler.py:handle_request():131] handle_request: stop_status
2022-02-23 10:55:31,554 DEBUG   SenderThread:23000 [sender.py:send_request():249] send_request: stop_status
2022-02-23 10:55:46,782 DEBUG   HandlerThread:23000 [handler.py:handle_request():131] handle_request: stop_status
2022-02-23 10:55:46,782 DEBUG   SenderThread:23000 [sender.py:send_request():249] send_request: stop_status
2022-02-23 10:56:01,993 DEBUG   HandlerThread:23000 [handler.py:handle_request():131] handle_request: stop_status
2022-02-23 10:56:01,993 DEBUG   SenderThread:23000 [sender.py:send_request():249] send_request: stop_status
2022-02-23 10:56:17,233 DEBUG   HandlerThread:23000 [handler.py:handle_request():131] handle_request: stop_status
2022-02-23 10:56:17,233 DEBUG   SenderThread:23000 [sender.py:send_request():249] send_request: stop_status
2022-02-23 10:56:32,562 DEBUG   HandlerThread:23000 [handler.py:handle_request():131] handle_request: stop_status
2022-02-23 10:56:32,562 DEBUG   SenderThread:23000 [sender.py:send_request():249] send_request: stop_status
2022-02-23 10:56:47,827 DEBUG   HandlerThread:23000 [handler.py:handle_request():131] handle_request: stop_status
2022-02-23 10:56:47,827 DEBUG   SenderThread:23000 [sender.py:send_request():249] send_request: stop_status
2022-02-23 10:57:03,292 DEBUG   HandlerThread:23000 [handler.py:handle_request():131] handle_request: stop_status
2022-02-23 10:57:03,292 DEBUG   SenderThread:23000 [sender.py:send_request():249] send_request: stop_status
2022-02-23 10:57:18,989 DEBUG   HandlerThread:23000 [handler.py:handle_request():131] handle_request: stop_status
2022-02-23 10:57:18,989 DEBUG   SenderThread:23000 [sender.py:send_request():249] send_request: stop_status
2022-02-23 10:57:34,212 DEBUG   HandlerThread:23000 [handler.py:handle_request():131] handle_request: stop_status
2022-02-23 10:57:34,212 DEBUG   SenderThread:23000 [sender.py:send_request():249] send_request: stop_status
2022-02-23 10:57:49,402 DEBUG   HandlerThread:23000 [handler.py:handle_request():131] handle_request: stop_status
2022-02-23 10:57:49,402 DEBUG   SenderThread:23000 [sender.py:send_request():249] send_request: stop_status
2022-02-23 10:58:04,602 DEBUG   HandlerThread:23000 [handler.py:handle_request():131] handle_request: stop_status
2022-02-23 10:58:04,602 DEBUG   SenderThread:23000 [sender.py:send_request():249] send_request: stop_status
2022-02-23 10:58:19,829 DEBUG   HandlerThread:23000 [handler.py:handle_request():131] handle_request: stop_status
2022-02-23 10:58:19,830 DEBUG   SenderThread:23000 [sender.py:send_request():249] send_request: stop_status
2022-02-23 10:58:35,071 DEBUG   HandlerThread:23000 [handler.py:handle_request():131] handle_request: stop_status
2022-02-23 10:58:35,071 DEBUG   SenderThread:23000 [sender.py:send_request():249] send_request: stop_status
2022-02-23 10:58:50,277 DEBUG   HandlerThread:23000 [handler.py:handle_request():131] handle_request: stop_status
2022-02-23 10:58:50,278 DEBUG   SenderThread:23000 [sender.py:send_request():249] send_request: stop_status
2022-02-23 10:59:05,493 DEBUG   HandlerThread:23000 [handler.py:handle_request():131] handle_request: stop_status
2022-02-23 10:59:05,493 DEBUG   SenderThread:23000 [sender.py:send_request():249] send_request: stop_status
2022-02-23 10:59:20,726 DEBUG   HandlerThread:23000 [handler.py:handle_request():131] handle_request: stop_status
2022-02-23 10:59:20,726 DEBUG   SenderThread:23000 [sender.py:send_request():249] send_request: stop_status
2022-02-23 10:59:35,980 DEBUG   HandlerThread:23000 [handler.py:handle_request():131] handle_request: stop_status
2022-02-23 10:59:35,980 DEBUG   SenderThread:23000 [sender.py:send_request():249] send_request: stop_status
2022-02-23 10:59:51,223 DEBUG   HandlerThread:23000 [handler.py:handle_request():131] handle_request: stop_status
2022-02-23 10:59:51,224 DEBUG   SenderThread:23000 [sender.py:send_request():249] send_request: stop_status
2022-02-23 11:00:06,431 DEBUG   HandlerThread:23000 [handler.py:handle_request():131] handle_request: stop_status
2022-02-23 11:00:06,432 DEBUG   SenderThread:23000 [sender.py:send_request():249] send_request: stop_status
2022-02-23 11:00:21,658 DEBUG   HandlerThread:23000 [handler.py:handle_request():131] handle_request: stop_status
2022-02-23 11:00:21,658 DEBUG   SenderThread:23000 [sender.py:send_request():249] send_request: stop_status
2022-02-23 11:00:36,928 DEBUG   HandlerThread:23000 [handler.py:handle_request():131] handle_request: stop_status
2022-02-23 11:00:36,928 DEBUG   SenderThread:23000 [sender.py:send_request():249] send_request: stop_status
2022-02-23 11:00:52,134 DEBUG   HandlerThread:23000 [handler.py:handle_request():131] handle_request: stop_status
2022-02-23 11:00:52,134 DEBUG   SenderThread:23000 [sender.py:send_request():249] send_request: stop_status
2022-02-23 11:01:07,360 DEBUG   HandlerThread:23000 [handler.py:handle_request():131] handle_request: stop_status
2022-02-23 11:01:07,360 DEBUG   SenderThread:23000 [sender.py:send_request():249] send_request: stop_status
2022-02-23 11:01:22,578 DEBUG   HandlerThread:23000 [handler.py:handle_request():131] handle_request: stop_status
2022-02-23 11:01:22,579 DEBUG   SenderThread:23000 [sender.py:send_request():249] send_request: stop_status
2022-02-23 11:01:37,816 DEBUG   HandlerThread:23000 [handler.py:handle_request():131] handle_request: stop_status
2022-02-23 11:01:37,816 DEBUG   SenderThread:23000 [sender.py:send_request():249] send_request: stop_status
2022-02-23 11:01:53,023 DEBUG   HandlerThread:23000 [handler.py:handle_request():131] handle_request: stop_status
2022-02-23 11:01:53,024 DEBUG   SenderThread:23000 [sender.py:send_request():249] send_request: stop_status
2022-02-23 11:02:08,233 DEBUG   HandlerThread:23000 [handler.py:handle_request():131] handle_request: stop_status
2022-02-23 11:02:08,234 DEBUG   SenderThread:23000 [sender.py:send_request():249] send_request: stop_status
2022-02-23 11:02:23,437 DEBUG   HandlerThread:23000 [handler.py:handle_request():131] handle_request: stop_status
2022-02-23 11:02:23,437 DEBUG   SenderThread:23000 [sender.py:send_request():249] send_request: stop_status
2022-02-23 11:02:38,659 DEBUG   HandlerThread:23000 [handler.py:handle_request():131] handle_request: stop_status
2022-02-23 11:02:38,660 DEBUG   SenderThread:23000 [sender.py:send_request():249] send_request: stop_status
2022-02-23 11:02:53,874 DEBUG   HandlerThread:23000 [handler.py:handle_request():131] handle_request: stop_status
2022-02-23 11:02:53,875 DEBUG   SenderThread:23000 [sender.py:send_request():249] send_request: stop_status
2022-02-23 11:03:09,152 DEBUG   HandlerThread:23000 [handler.py:handle_request():131] handle_request: stop_status
2022-02-23 11:03:09,152 DEBUG   SenderThread:23000 [sender.py:send_request():249] send_request: stop_status
2022-02-23 11:03:24,372 DEBUG   HandlerThread:23000 [handler.py:handle_request():131] handle_request: stop_status
2022-02-23 11:03:24,372 DEBUG   SenderThread:23000 [sender.py:send_request():249] send_request: stop_status
2022-02-23 11:03:39,571 DEBUG   HandlerThread:23000 [handler.py:handle_request():131] handle_request: stop_status
2022-02-23 11:03:39,571 DEBUG   SenderThread:23000 [sender.py:send_request():249] send_request: stop_status
2022-02-23 11:03:54,766 DEBUG   HandlerThread:23000 [handler.py:handle_request():131] handle_request: stop_status
2022-02-23 11:03:54,766 DEBUG   SenderThread:23000 [sender.py:send_request():249] send_request: stop_status
2022-02-23 11:04:10,007 DEBUG   HandlerThread:23000 [handler.py:handle_request():131] handle_request: stop_status
2022-02-23 11:04:10,007 DEBUG   SenderThread:23000 [sender.py:send_request():249] send_request: stop_status
2022-02-23 11:04:25,240 DEBUG   HandlerThread:23000 [handler.py:handle_request():131] handle_request: stop_status
2022-02-23 11:04:25,240 DEBUG   SenderThread:23000 [sender.py:send_request():249] send_request: stop_status
2022-02-23 11:04:37,153 DEBUG   HandlerThread:23000 [handler.py:handle_request():131] handle_request: resume
2022-02-23 11:04:37,153 INFO    HandlerThread:23000 [handler.py:handle_request_resume():611] starting system metrics thread
2022-02-23 11:04:40,068 DEBUG   HandlerThread:23000 [handler.py:handle_request():131] handle_request: pause
2022-02-23 11:04:40,069 INFO    HandlerThread:23000 [handler.py:handle_request_pause():620] stopping system metrics thread
2022-02-23 11:04:40,202 DEBUG   SenderThread:23000 [sender.py:send():235] send: stats
2022-02-23 11:04:40,585 DEBUG   HandlerThread:23000 [handler.py:handle_request():131] handle_request: stop_status
2022-02-23 11:04:40,585 DEBUG   SenderThread:23000 [sender.py:send_request():249] send_request: stop_status
2022-02-23 11:04:50,527 DEBUG   HandlerThread:23000 [handler.py:handle_request():131] handle_request: resume
2022-02-23 11:04:50,527 INFO    HandlerThread:23000 [handler.py:handle_request_resume():611] starting system metrics thread
2022-02-23 11:04:50,528 DEBUG   HandlerThread:23000 [handler.py:handle_request():131] handle_request: pause
2022-02-23 11:04:50,528 INFO    HandlerThread:23000 [handler.py:handle_request_pause():620] stopping system metrics thread
2022-02-23 11:04:50,574 DEBUG   SenderThread:23000 [sender.py:send():235] send: stats
2022-02-23 11:04:50,578 DEBUG   HandlerThread:23000 [handler.py:handle_request():131] handle_request: resume
2022-02-23 11:04:50,578 INFO    HandlerThread:23000 [handler.py:handle_request_resume():611] starting system metrics thread
2022-02-23 11:04:50,581 DEBUG   HandlerThread:23000 [handler.py:handle_request():131] handle_request: pause
2022-02-23 11:04:50,581 INFO    HandlerThread:23000 [handler.py:handle_request_pause():620] stopping system metrics thread
2022-02-23 11:04:50,619 DEBUG   SenderThread:23000 [sender.py:send():235] send: stats
2022-02-23 11:04:55,806 DEBUG   HandlerThread:23000 [handler.py:handle_request():131] handle_request: stop_status
2022-02-23 11:04:55,806 DEBUG   SenderThread:23000 [sender.py:send_request():249] send_request: stop_status
2022-02-23 11:05:11,011 DEBUG   HandlerThread:23000 [handler.py:handle_request():131] handle_request: stop_status
2022-02-23 11:05:11,011 DEBUG   SenderThread:23000 [sender.py:send_request():249] send_request: stop_status
2022-02-23 11:05:11,662 DEBUG   HandlerThread:23000 [handler.py:handle_request():131] handle_request: resume
2022-02-23 11:05:11,662 INFO    HandlerThread:23000 [handler.py:handle_request_resume():611] starting system metrics thread
2022-02-23 11:05:11,664 DEBUG   HandlerThread:23000 [handler.py:handle_request():131] handle_request: pause
2022-02-23 11:05:11,664 INFO    HandlerThread:23000 [handler.py:handle_request_pause():620] stopping system metrics thread
2022-02-23 11:05:11,713 DEBUG   SenderThread:23000 [sender.py:send():235] send: stats
2022-02-23 11:05:19,847 DEBUG   HandlerThread:23000 [handler.py:handle_request():131] handle_request: resume
2022-02-23 11:05:19,847 INFO    HandlerThread:23000 [handler.py:handle_request_resume():611] starting system metrics thread
2022-02-23 11:05:19,956 DEBUG   HandlerThread:23000 [handler.py:handle_request():131] handle_request: pause
2022-02-23 11:05:19,957 INFO    HandlerThread:23000 [handler.py:handle_request_pause():620] stopping system metrics thread
2022-02-23 11:05:20,016 DEBUG   SenderThread:23000 [sender.py:send():235] send: stats
2022-02-23 11:05:21,535 DEBUG   HandlerThread:23000 [handler.py:handle_request():131] handle_request: resume
2022-02-23 11:05:21,536 INFO    HandlerThread:23000 [handler.py:handle_request_resume():611] starting system metrics thread
2022-02-23 11:05:21,537 DEBUG   HandlerThread:23000 [handler.py:handle_request():131] handle_request: pause
2022-02-23 11:05:21,537 INFO    HandlerThread:23000 [handler.py:handle_request_pause():620] stopping system metrics thread
2022-02-23 11:05:21,579 DEBUG   SenderThread:23000 [sender.py:send():235] send: stats
2022-02-23 11:05:23,024 DEBUG   HandlerThread:23000 [handler.py:handle_request():131] handle_request: resume
2022-02-23 11:05:23,024 INFO    HandlerThread:23000 [handler.py:handle_request_resume():611] starting system metrics thread
2022-02-23 11:05:23,024 DEBUG   HandlerThread:23000 [handler.py:handle_request():131] handle_request: pause
2022-02-23 11:05:23,024 INFO    HandlerThread:23000 [handler.py:handle_request_pause():620] stopping system metrics thread
2022-02-23 11:05:23,074 DEBUG   HandlerThread:23000 [handler.py:handle_request():131] handle_request: resume
2022-02-23 11:05:23,074 INFO    HandlerThread:23000 [handler.py:handle_request_resume():611] starting system metrics thread
2022-02-23 11:05:23,074 DEBUG   HandlerThread:23000 [handler.py:handle_request():131] handle_request: pause
2022-02-23 11:05:23,074 INFO    HandlerThread:23000 [handler.py:handle_request_pause():620] stopping system metrics thread
2022-02-23 11:05:23,117 DEBUG   SenderThread:23000 [sender.py:send():235] send: stats
2022-02-23 11:05:23,117 DEBUG   SenderThread:23000 [sender.py:send():235] send: stats
2022-02-23 11:05:23,124 DEBUG   HandlerThread:23000 [handler.py:handle_request():131] handle_request: resume
2022-02-23 11:05:23,124 INFO    HandlerThread:23000 [handler.py:handle_request_resume():611] starting system metrics thread
2022-02-23 11:05:23,143 DEBUG   HandlerThread:23000 [handler.py:handle_request():131] handle_request: pause
2022-02-23 11:05:23,143 INFO    HandlerThread:23000 [handler.py:handle_request_pause():620] stopping system metrics thread
2022-02-23 11:05:23,175 DEBUG   SenderThread:23000 [sender.py:send():235] send: stats
2022-02-23 11:05:26,246 DEBUG   HandlerThread:23000 [handler.py:handle_request():131] handle_request: stop_status
2022-02-23 11:05:26,246 DEBUG   SenderThread:23000 [sender.py:send_request():249] send_request: stop_status
2022-02-23 11:05:41,541 DEBUG   HandlerThread:23000 [handler.py:handle_request():131] handle_request: stop_status
2022-02-23 11:05:41,541 DEBUG   SenderThread:23000 [sender.py:send_request():249] send_request: stop_status
2022-02-23 11:05:43,483 DEBUG   HandlerThread:23000 [handler.py:handle_request():131] handle_request: resume
2022-02-23 11:05:43,483 INFO    HandlerThread:23000 [handler.py:handle_request_resume():611] starting system metrics thread
2022-02-23 11:05:43,687 DEBUG   HandlerThread:23000 [handler.py:handle_request():131] handle_request: pause
2022-02-23 11:05:43,687 INFO    HandlerThread:23000 [handler.py:handle_request_pause():620] stopping system metrics thread
2022-02-23 11:05:43,745 DEBUG   SenderThread:23000 [sender.py:send():235] send: stats
2022-02-23 11:05:46,275 DEBUG   HandlerThread:23000 [handler.py:handle_request():131] handle_request: resume
2022-02-23 11:05:46,275 INFO    HandlerThread:23000 [handler.py:handle_request_resume():611] starting system metrics thread
2022-02-23 11:05:46,277 DEBUG   HandlerThread:23000 [handler.py:handle_request():131] handle_request: pause
2022-02-23 11:05:46,277 INFO    HandlerThread:23000 [handler.py:handle_request_pause():620] stopping system metrics thread
2022-02-23 11:05:46,318 DEBUG   SenderThread:23000 [sender.py:send():235] send: stats
2022-02-23 11:05:47,407 DEBUG   HandlerThread:23000 [handler.py:handle_request():131] handle_request: resume
2022-02-23 11:05:47,407 INFO    HandlerThread:23000 [handler.py:handle_request_resume():611] starting system metrics thread
2022-02-23 11:05:47,427 DEBUG   HandlerThread:23000 [handler.py:handle_request():131] handle_request: pause
2022-02-23 11:05:47,427 INFO    HandlerThread:23000 [handler.py:handle_request_pause():620] stopping system metrics thread
2022-02-23 11:05:47,455 DEBUG   SenderThread:23000 [sender.py:send():235] send: stats
2022-02-23 11:05:56,773 DEBUG   HandlerThread:23000 [handler.py:handle_request():131] handle_request: stop_status
2022-02-23 11:05:56,773 DEBUG   SenderThread:23000 [sender.py:send_request():249] send_request: stop_status
2022-02-23 11:06:12,012 DEBUG   HandlerThread:23000 [handler.py:handle_request():131] handle_request: stop_status
2022-02-23 11:06:12,012 DEBUG   SenderThread:23000 [sender.py:send_request():249] send_request: stop_status
2022-02-23 11:06:27,226 DEBUG   HandlerThread:23000 [handler.py:handle_request():131] handle_request: stop_status
2022-02-23 11:06:27,226 DEBUG   SenderThread:23000 [sender.py:send_request():249] send_request: stop_status
2022-02-23 11:06:30,853 DEBUG   HandlerThread:23000 [handler.py:handle_request():131] handle_request: resume
2022-02-23 11:06:30,853 INFO    HandlerThread:23000 [handler.py:handle_request_resume():611] starting system metrics thread
2022-02-23 11:06:30,854 DEBUG   HandlerThread:23000 [handler.py:handle_request():131] handle_request: pause
2022-02-23 11:06:30,854 INFO    HandlerThread:23000 [handler.py:handle_request_pause():620] stopping system metrics thread
2022-02-23 11:06:30,904 DEBUG   SenderThread:23000 [sender.py:send():235] send: stats
2022-02-23 11:06:32,769 DEBUG   HandlerThread:23000 [handler.py:handle_request():131] handle_request: resume
2022-02-23 11:06:32,769 INFO    HandlerThread:23000 [handler.py:handle_request_resume():611] starting system metrics thread
2022-02-23 11:06:32,771 DEBUG   HandlerThread:23000 [handler.py:handle_request():131] handle_request: pause
2022-02-23 11:06:32,771 INFO    HandlerThread:23000 [handler.py:handle_request_pause():620] stopping system metrics thread
2022-02-23 11:06:32,817 DEBUG   SenderThread:23000 [sender.py:send():235] send: stats
2022-02-23 11:06:34,542 DEBUG   HandlerThread:23000 [handler.py:handle_request():131] handle_request: resume
2022-02-23 11:06:34,542 INFO    HandlerThread:23000 [handler.py:handle_request_resume():611] starting system metrics thread
2022-02-23 11:06:34,561 DEBUG   HandlerThread:23000 [handler.py:handle_request():131] handle_request: pause
2022-02-23 11:06:34,562 INFO    HandlerThread:23000 [handler.py:handle_request_pause():620] stopping system metrics thread
2022-02-23 11:06:34,589 DEBUG   SenderThread:23000 [sender.py:send():235] send: stats
2022-02-23 11:06:42,427 DEBUG   HandlerThread:23000 [handler.py:handle_request():131] handle_request: stop_status
2022-02-23 11:06:42,427 DEBUG   SenderThread:23000 [sender.py:send_request():249] send_request: stop_status
2022-02-23 11:06:57,646 DEBUG   HandlerThread:23000 [handler.py:handle_request():131] handle_request: stop_status
2022-02-23 11:06:57,646 DEBUG   SenderThread:23000 [sender.py:send_request():249] send_request: stop_status
2022-02-23 11:06:59,498 DEBUG   HandlerThread:23000 [handler.py:handle_request():131] handle_request: resume
2022-02-23 11:06:59,498 INFO    HandlerThread:23000 [handler.py:handle_request_resume():611] starting system metrics thread
2022-02-23 11:06:59,499 DEBUG   HandlerThread:23000 [handler.py:handle_request():131] handle_request: pause
2022-02-23 11:06:59,499 INFO    HandlerThread:23000 [handler.py:handle_request_pause():620] stopping system metrics thread
2022-02-23 11:06:59,545 DEBUG   SenderThread:23000 [sender.py:send():235] send: stats
2022-02-23 11:07:02,097 DEBUG   HandlerThread:23000 [handler.py:handle_request():131] handle_request: resume
2022-02-23 11:07:02,097 INFO    HandlerThread:23000 [handler.py:handle_request_resume():611] starting system metrics thread
2022-02-23 11:07:02,099 DEBUG   HandlerThread:23000 [handler.py:handle_request():131] handle_request: pause
2022-02-23 11:07:02,099 INFO    HandlerThread:23000 [handler.py:handle_request_pause():620] stopping system metrics thread
2022-02-23 11:07:02,140 DEBUG   SenderThread:23000 [sender.py:send():235] send: stats
2022-02-23 11:07:04,095 DEBUG   HandlerThread:23000 [handler.py:handle_request():131] handle_request: resume
2022-02-23 11:07:04,095 INFO    HandlerThread:23000 [handler.py:handle_request_resume():611] starting system metrics thread
2022-02-23 11:07:04,114 DEBUG   HandlerThread:23000 [handler.py:handle_request():131] handle_request: pause
2022-02-23 11:07:04,114 INFO    HandlerThread:23000 [handler.py:handle_request_pause():620] stopping system metrics thread
2022-02-23 11:07:04,143 DEBUG   SenderThread:23000 [sender.py:send():235] send: stats
2022-02-23 11:07:12,850 DEBUG   HandlerThread:23000 [handler.py:handle_request():131] handle_request: stop_status
2022-02-23 11:07:12,850 DEBUG   SenderThread:23000 [sender.py:send_request():249] send_request: stop_status
2022-02-23 11:07:28,082 DEBUG   HandlerThread:23000 [handler.py:handle_request():131] handle_request: stop_status
2022-02-23 11:07:28,083 DEBUG   SenderThread:23000 [sender.py:send_request():249] send_request: stop_status
2022-02-23 11:07:33,554 DEBUG   HandlerThread:23000 [handler.py:handle_request():131] handle_request: resume
2022-02-23 11:07:33,554 INFO    HandlerThread:23000 [handler.py:handle_request_resume():611] starting system metrics thread
2022-02-23 11:07:33,600 DEBUG   HandlerThread:23000 [handler.py:handle_request():131] handle_request: pause
2022-02-23 11:07:33,600 INFO    HandlerThread:23000 [handler.py:handle_request_pause():620] stopping system metrics thread
2022-02-23 11:07:33,710 DEBUG   SenderThread:23000 [sender.py:send():235] send: stats
2022-02-23 11:07:34,001 INFO    Thread-14 :23000 [dir_watcher.py:_on_file_modified():230] file/dir modified: e:\skola\2021-2022\LP3\D7041E\D7041E\project\wandb\run-20220222_162239-388vck2j\files\output.log
2022-02-23 11:07:43,644 DEBUG   HandlerThread:23000 [handler.py:handle_request():131] handle_request: stop_status
2022-02-23 11:07:43,644 DEBUG   SenderThread:23000 [sender.py:send_request():249] send_request: stop_status
2022-02-23 11:07:58,915 DEBUG   HandlerThread:23000 [handler.py:handle_request():131] handle_request: stop_status
2022-02-23 11:07:58,915 DEBUG   SenderThread:23000 [sender.py:send_request():249] send_request: stop_status
2022-02-23 11:08:13,108 DEBUG   HandlerThread:23000 [handler.py:handle_request():131] handle_request: resume
2022-02-23 11:08:13,108 INFO    HandlerThread:23000 [handler.py:handle_request_resume():611] starting system metrics thread
2022-02-23 11:08:14,231 DEBUG   HandlerThread:23000 [handler.py:handle_request():131] handle_request: stop_status
2022-02-23 11:08:14,231 DEBUG   SenderThread:23000 [sender.py:send_request():249] send_request: stop_status
2022-02-23 11:08:14,464 DEBUG   HandlerThread:23000 [handler.py:handle_request():131] handle_request: pause
2022-02-23 11:08:14,464 INFO    HandlerThread:23000 [handler.py:handle_request_pause():620] stopping system metrics thread
2022-02-23 11:08:14,581 DEBUG   SenderThread:23000 [sender.py:send():235] send: stats
2022-02-23 11:08:29,440 DEBUG   HandlerThread:23000 [handler.py:handle_request():131] handle_request: stop_status
2022-02-23 11:08:29,441 DEBUG   SenderThread:23000 [sender.py:send_request():249] send_request: stop_status
2022-02-23 11:08:44,651 DEBUG   HandlerThread:23000 [handler.py:handle_request():131] handle_request: stop_status
2022-02-23 11:08:44,652 DEBUG   SenderThread:23000 [sender.py:send_request():249] send_request: stop_status
2022-02-23 11:08:59,900 DEBUG   HandlerThread:23000 [handler.py:handle_request():131] handle_request: stop_status
2022-02-23 11:08:59,900 DEBUG   SenderThread:23000 [sender.py:send_request():249] send_request: stop_status
2022-02-23 11:09:15,264 DEBUG   HandlerThread:23000 [handler.py:handle_request():131] handle_request: stop_status
2022-02-23 11:09:15,264 DEBUG   SenderThread:23000 [sender.py:send_request():249] send_request: stop_status
2022-02-23 11:09:30,479 DEBUG   HandlerThread:23000 [handler.py:handle_request():131] handle_request: stop_status
2022-02-23 11:09:30,479 DEBUG   SenderThread:23000 [sender.py:send_request():249] send_request: stop_status
2022-02-23 11:09:45,701 DEBUG   HandlerThread:23000 [handler.py:handle_request():131] handle_request: stop_status
2022-02-23 11:09:45,701 DEBUG   SenderThread:23000 [sender.py:send_request():249] send_request: stop_status
2022-02-23 11:10:00,956 DEBUG   HandlerThread:23000 [handler.py:handle_request():131] handle_request: stop_status
2022-02-23 11:10:00,956 DEBUG   SenderThread:23000 [sender.py:send_request():249] send_request: stop_status
2022-02-23 11:10:16,175 DEBUG   HandlerThread:23000 [handler.py:handle_request():131] handle_request: stop_status
2022-02-23 11:10:16,175 DEBUG   SenderThread:23000 [sender.py:send_request():249] send_request: stop_status
2022-02-23 11:10:31,385 DEBUG   HandlerThread:23000 [handler.py:handle_request():131] handle_request: stop_status
2022-02-23 11:10:31,386 DEBUG   SenderThread:23000 [sender.py:send_request():249] send_request: stop_status
2022-02-23 11:10:46,605 DEBUG   HandlerThread:23000 [handler.py:handle_request():131] handle_request: stop_status
2022-02-23 11:10:46,606 DEBUG   SenderThread:23000 [sender.py:send_request():249] send_request: stop_status
2022-02-23 11:11:01,815 DEBUG   HandlerThread:23000 [handler.py:handle_request():131] handle_request: stop_status
2022-02-23 11:11:01,815 DEBUG   SenderThread:23000 [sender.py:send_request():249] send_request: stop_status
2022-02-23 11:11:17,037 DEBUG   HandlerThread:23000 [handler.py:handle_request():131] handle_request: stop_status
2022-02-23 11:11:17,038 DEBUG   SenderThread:23000 [sender.py:send_request():249] send_request: stop_status
2022-02-23 11:11:32,245 DEBUG   HandlerThread:23000 [handler.py:handle_request():131] handle_request: stop_status
2022-02-23 11:11:32,246 DEBUG   SenderThread:23000 [sender.py:send_request():249] send_request: stop_status
2022-02-23 11:11:47,470 DEBUG   HandlerThread:23000 [handler.py:handle_request():131] handle_request: stop_status
2022-02-23 11:11:47,470 DEBUG   SenderThread:23000 [sender.py:send_request():249] send_request: stop_status
2022-02-23 11:12:02,699 DEBUG   HandlerThread:23000 [handler.py:handle_request():131] handle_request: stop_status
2022-02-23 11:12:02,699 DEBUG   SenderThread:23000 [sender.py:send_request():249] send_request: stop_status
2022-02-23 11:12:18,002 DEBUG   HandlerThread:23000 [handler.py:handle_request():131] handle_request: stop_status
2022-02-23 11:12:18,002 DEBUG   SenderThread:23000 [sender.py:send_request():249] send_request: stop_status
2022-02-23 11:12:33,219 DEBUG   HandlerThread:23000 [handler.py:handle_request():131] handle_request: stop_status
2022-02-23 11:12:33,219 DEBUG   SenderThread:23000 [sender.py:send_request():249] send_request: stop_status
2022-02-23 11:12:48,429 DEBUG   HandlerThread:23000 [handler.py:handle_request():131] handle_request: stop_status
2022-02-23 11:12:48,429 DEBUG   SenderThread:23000 [sender.py:send_request():249] send_request: stop_status
2022-02-23 11:13:03,661 DEBUG   HandlerThread:23000 [handler.py:handle_request():131] handle_request: stop_status
2022-02-23 11:13:03,661 DEBUG   SenderThread:23000 [sender.py:send_request():249] send_request: stop_status
2022-02-23 11:13:18,927 DEBUG   HandlerThread:23000 [handler.py:handle_request():131] handle_request: stop_status
2022-02-23 11:13:18,927 DEBUG   SenderThread:23000 [sender.py:send_request():249] send_request: stop_status
2022-02-23 11:13:34,143 DEBUG   HandlerThread:23000 [handler.py:handle_request():131] handle_request: stop_status
2022-02-23 11:13:34,143 DEBUG   SenderThread:23000 [sender.py:send_request():249] send_request: stop_status
2022-02-23 11:13:49,380 DEBUG   HandlerThread:23000 [handler.py:handle_request():131] handle_request: stop_status
2022-02-23 11:13:49,380 DEBUG   SenderThread:23000 [sender.py:send_request():249] send_request: stop_status
2022-02-23 11:14:04,588 DEBUG   HandlerThread:23000 [handler.py:handle_request():131] handle_request: stop_status
2022-02-23 11:14:04,589 DEBUG   SenderThread:23000 [sender.py:send_request():249] send_request: stop_status
2022-02-23 11:14:19,806 DEBUG   HandlerThread:23000 [handler.py:handle_request():131] handle_request: stop_status
2022-02-23 11:14:19,806 DEBUG   SenderThread:23000 [sender.py:send_request():249] send_request: stop_status
2022-02-23 11:14:35,040 DEBUG   HandlerThread:23000 [handler.py:handle_request():131] handle_request: stop_status
2022-02-23 11:14:35,041 DEBUG   SenderThread:23000 [sender.py:send_request():249] send_request: stop_status
2022-02-23 11:14:50,244 DEBUG   HandlerThread:23000 [handler.py:handle_request():131] handle_request: stop_status
2022-02-23 11:14:50,244 DEBUG   SenderThread:23000 [sender.py:send_request():249] send_request: stop_status
2022-02-23 11:15:05,441 DEBUG   HandlerThread:23000 [handler.py:handle_request():131] handle_request: stop_status
2022-02-23 11:15:05,441 DEBUG   SenderThread:23000 [sender.py:send_request():249] send_request: stop_status
2022-02-23 11:15:20,684 DEBUG   HandlerThread:23000 [handler.py:handle_request():131] handle_request: stop_status
2022-02-23 11:15:20,684 DEBUG   SenderThread:23000 [sender.py:send_request():249] send_request: stop_status
2022-02-23 11:15:35,998 DEBUG   HandlerThread:23000 [handler.py:handle_request():131] handle_request: stop_status
2022-02-23 11:15:35,999 DEBUG   SenderThread:23000 [sender.py:send_request():249] send_request: stop_status
2022-02-23 11:15:51,251 DEBUG   HandlerThread:23000 [handler.py:handle_request():131] handle_request: stop_status
2022-02-23 11:15:51,251 DEBUG   SenderThread:23000 [sender.py:send_request():249] send_request: stop_status
2022-02-23 11:16:06,450 DEBUG   HandlerThread:23000 [handler.py:handle_request():131] handle_request: stop_status
2022-02-23 11:16:06,450 DEBUG   SenderThread:23000 [sender.py:send_request():249] send_request: stop_status
2022-02-23 11:16:21,673 DEBUG   HandlerThread:23000 [handler.py:handle_request():131] handle_request: stop_status
2022-02-23 11:16:21,673 DEBUG   SenderThread:23000 [sender.py:send_request():249] send_request: stop_status
2022-02-23 11:16:36,886 DEBUG   HandlerThread:23000 [handler.py:handle_request():131] handle_request: stop_status
2022-02-23 11:16:36,886 DEBUG   SenderThread:23000 [sender.py:send_request():249] send_request: stop_status
2022-02-23 11:16:52,097 DEBUG   HandlerThread:23000 [handler.py:handle_request():131] handle_request: stop_status
2022-02-23 11:16:52,097 DEBUG   SenderThread:23000 [sender.py:send_request():249] send_request: stop_status
2022-02-23 11:17:07,297 DEBUG   HandlerThread:23000 [handler.py:handle_request():131] handle_request: stop_status
2022-02-23 11:17:07,297 DEBUG   SenderThread:23000 [sender.py:send_request():249] send_request: stop_status
2022-02-23 11:17:22,510 DEBUG   HandlerThread:23000 [handler.py:handle_request():131] handle_request: stop_status
2022-02-23 11:17:22,510 DEBUG   SenderThread:23000 [sender.py:send_request():249] send_request: stop_status
2022-02-23 11:17:37,787 DEBUG   HandlerThread:23000 [handler.py:handle_request():131] handle_request: stop_status
2022-02-23 11:17:37,787 DEBUG   SenderThread:23000 [sender.py:send_request():249] send_request: stop_status
2022-02-23 11:17:52,979 DEBUG   HandlerThread:23000 [handler.py:handle_request():131] handle_request: stop_status
2022-02-23 11:17:52,979 DEBUG   SenderThread:23000 [sender.py:send_request():249] send_request: stop_status
2022-02-23 11:18:08,193 DEBUG   HandlerThread:23000 [handler.py:handle_request():131] handle_request: stop_status
2022-02-23 11:18:08,193 DEBUG   SenderThread:23000 [sender.py:send_request():249] send_request: stop_status
2022-02-23 11:18:23,406 DEBUG   HandlerThread:23000 [handler.py:handle_request():131] handle_request: stop_status
2022-02-23 11:18:23,406 DEBUG   SenderThread:23000 [sender.py:send_request():249] send_request: stop_status
2022-02-23 11:18:38,608 DEBUG   HandlerThread:23000 [handler.py:handle_request():131] handle_request: stop_status
2022-02-23 11:18:38,608 DEBUG   SenderThread:23000 [sender.py:send_request():249] send_request: stop_status
2022-02-23 11:18:53,815 DEBUG   HandlerThread:23000 [handler.py:handle_request():131] handle_request: stop_status
2022-02-23 11:18:53,815 DEBUG   SenderThread:23000 [sender.py:send_request():249] send_request: stop_status
2022-02-23 11:19:09,037 DEBUG   HandlerThread:23000 [handler.py:handle_request():131] handle_request: stop_status
2022-02-23 11:19:09,037 DEBUG   SenderThread:23000 [sender.py:send_request():249] send_request: stop_status
2022-02-23 11:19:24,222 DEBUG   HandlerThread:23000 [handler.py:handle_request():131] handle_request: stop_status
2022-02-23 11:19:24,223 DEBUG   SenderThread:23000 [sender.py:send_request():249] send_request: stop_status
2022-02-23 11:19:39,423 DEBUG   HandlerThread:23000 [handler.py:handle_request():131] handle_request: stop_status
2022-02-23 11:19:39,423 DEBUG   SenderThread:23000 [sender.py:send_request():249] send_request: stop_status
2022-02-23 11:19:54,633 DEBUG   HandlerThread:23000 [handler.py:handle_request():131] handle_request: stop_status
2022-02-23 11:19:54,634 DEBUG   SenderThread:23000 [sender.py:send_request():249] send_request: stop_status
2022-02-23 11:20:09,822 DEBUG   HandlerThread:23000 [handler.py:handle_request():131] handle_request: stop_status
2022-02-23 11:20:09,822 DEBUG   SenderThread:23000 [sender.py:send_request():249] send_request: stop_status
2022-02-23 11:20:25,041 DEBUG   HandlerThread:23000 [handler.py:handle_request():131] handle_request: stop_status
2022-02-23 11:20:25,041 DEBUG   SenderThread:23000 [sender.py:send_request():249] send_request: stop_status
2022-02-23 11:20:40,242 DEBUG   HandlerThread:23000 [handler.py:handle_request():131] handle_request: stop_status
2022-02-23 11:20:40,242 DEBUG   SenderThread:23000 [sender.py:send_request():249] send_request: stop_status
2022-02-23 11:20:55,432 DEBUG   HandlerThread:23000 [handler.py:handle_request():131] handle_request: stop_status
2022-02-23 11:20:55,432 DEBUG   SenderThread:23000 [sender.py:send_request():249] send_request: stop_status
2022-02-23 11:21:10,671 DEBUG   HandlerThread:23000 [handler.py:handle_request():131] handle_request: stop_status
2022-02-23 11:21:10,672 DEBUG   SenderThread:23000 [sender.py:send_request():249] send_request: stop_status
2022-02-23 11:21:25,886 DEBUG   HandlerThread:23000 [handler.py:handle_request():131] handle_request: stop_status
2022-02-23 11:21:25,886 DEBUG   SenderThread:23000 [sender.py:send_request():249] send_request: stop_status
2022-02-23 11:21:41,080 DEBUG   HandlerThread:23000 [handler.py:handle_request():131] handle_request: stop_status
2022-02-23 11:21:41,081 DEBUG   SenderThread:23000 [sender.py:send_request():249] send_request: stop_status
2022-02-23 11:21:56,302 DEBUG   HandlerThread:23000 [handler.py:handle_request():131] handle_request: stop_status
2022-02-23 11:21:56,302 DEBUG   SenderThread:23000 [sender.py:send_request():249] send_request: stop_status
2022-02-23 11:22:11,523 DEBUG   HandlerThread:23000 [handler.py:handle_request():131] handle_request: stop_status
2022-02-23 11:22:11,524 DEBUG   SenderThread:23000 [sender.py:send_request():249] send_request: stop_status
2022-02-23 11:22:26,745 DEBUG   HandlerThread:23000 [handler.py:handle_request():131] handle_request: stop_status
2022-02-23 11:22:26,746 DEBUG   SenderThread:23000 [sender.py:send_request():249] send_request: stop_status
2022-02-23 11:22:41,964 DEBUG   HandlerThread:23000 [handler.py:handle_request():131] handle_request: stop_status
2022-02-23 11:22:41,964 DEBUG   SenderThread:23000 [sender.py:send_request():249] send_request: stop_status
2022-02-23 11:22:57,186 DEBUG   HandlerThread:23000 [handler.py:handle_request():131] handle_request: stop_status
2022-02-23 11:22:57,187 DEBUG   SenderThread:23000 [sender.py:send_request():249] send_request: stop_status
2022-02-23 11:23:12,417 DEBUG   HandlerThread:23000 [handler.py:handle_request():131] handle_request: stop_status
2022-02-23 11:23:12,417 DEBUG   SenderThread:23000 [sender.py:send_request():249] send_request: stop_status
2022-02-23 11:23:27,656 DEBUG   HandlerThread:23000 [handler.py:handle_request():131] handle_request: stop_status
2022-02-23 11:23:27,656 DEBUG   SenderThread:23000 [sender.py:send_request():249] send_request: stop_status
2022-02-23 11:23:42,945 DEBUG   HandlerThread:23000 [handler.py:handle_request():131] handle_request: stop_status
2022-02-23 11:23:42,946 DEBUG   SenderThread:23000 [sender.py:send_request():249] send_request: stop_status
2022-02-23 11:23:58,185 DEBUG   HandlerThread:23000 [handler.py:handle_request():131] handle_request: stop_status
2022-02-23 11:23:58,186 DEBUG   SenderThread:23000 [sender.py:send_request():249] send_request: stop_status
2022-02-23 11:24:13,381 DEBUG   HandlerThread:23000 [handler.py:handle_request():131] handle_request: stop_status
2022-02-23 11:24:13,381 DEBUG   SenderThread:23000 [sender.py:send_request():249] send_request: stop_status
2022-02-23 11:24:28,742 DEBUG   HandlerThread:23000 [handler.py:handle_request():131] handle_request: stop_status
2022-02-23 11:24:28,742 DEBUG   SenderThread:23000 [sender.py:send_request():249] send_request: stop_status
2022-02-23 11:24:43,950 DEBUG   HandlerThread:23000 [handler.py:handle_request():131] handle_request: stop_status
2022-02-23 11:24:43,950 DEBUG   SenderThread:23000 [sender.py:send_request():249] send_request: stop_status
2022-02-23 11:24:59,160 DEBUG   HandlerThread:23000 [handler.py:handle_request():131] handle_request: stop_status
2022-02-23 11:24:59,160 DEBUG   SenderThread:23000 [sender.py:send_request():249] send_request: stop_status
2022-02-23 11:25:14,404 DEBUG   HandlerThread:23000 [handler.py:handle_request():131] handle_request: stop_status
2022-02-23 11:25:14,404 DEBUG   SenderThread:23000 [sender.py:send_request():249] send_request: stop_status
2022-02-23 11:25:29,620 DEBUG   HandlerThread:23000 [handler.py:handle_request():131] handle_request: stop_status
2022-02-23 11:25:29,620 DEBUG   SenderThread:23000 [sender.py:send_request():249] send_request: stop_status
2022-02-23 11:25:44,842 DEBUG   HandlerThread:23000 [handler.py:handle_request():131] handle_request: stop_status
2022-02-23 11:25:44,842 DEBUG   SenderThread:23000 [sender.py:send_request():249] send_request: stop_status
2022-02-23 11:26:00,059 DEBUG   HandlerThread:23000 [handler.py:handle_request():131] handle_request: stop_status
2022-02-23 11:26:00,059 DEBUG   SenderThread:23000 [sender.py:send_request():249] send_request: stop_status
2022-02-23 11:26:15,279 DEBUG   HandlerThread:23000 [handler.py:handle_request():131] handle_request: stop_status
2022-02-23 11:26:15,279 DEBUG   SenderThread:23000 [sender.py:send_request():249] send_request: stop_status
2022-02-23 11:26:30,498 DEBUG   HandlerThread:23000 [handler.py:handle_request():131] handle_request: stop_status
2022-02-23 11:26:30,498 DEBUG   SenderThread:23000 [sender.py:send_request():249] send_request: stop_status
2022-02-23 11:26:45,722 DEBUG   HandlerThread:23000 [handler.py:handle_request():131] handle_request: stop_status
2022-02-23 11:26:45,723 DEBUG   SenderThread:23000 [sender.py:send_request():249] send_request: stop_status
2022-02-23 11:27:00,979 DEBUG   HandlerThread:23000 [handler.py:handle_request():131] handle_request: stop_status
2022-02-23 11:27:00,979 DEBUG   SenderThread:23000 [sender.py:send_request():249] send_request: stop_status
2022-02-23 11:27:16,199 DEBUG   HandlerThread:23000 [handler.py:handle_request():131] handle_request: stop_status
2022-02-23 11:27:16,199 DEBUG   SenderThread:23000 [sender.py:send_request():249] send_request: stop_status
2022-02-23 11:27:31,387 DEBUG   HandlerThread:23000 [handler.py:handle_request():131] handle_request: stop_status
2022-02-23 11:27:31,387 DEBUG   SenderThread:23000 [sender.py:send_request():249] send_request: stop_status
2022-02-23 11:27:46,587 DEBUG   HandlerThread:23000 [handler.py:handle_request():131] handle_request: stop_status
2022-02-23 11:27:46,587 DEBUG   SenderThread:23000 [sender.py:send_request():249] send_request: stop_status
2022-02-23 11:28:01,795 DEBUG   HandlerThread:23000 [handler.py:handle_request():131] handle_request: stop_status
2022-02-23 11:28:01,795 DEBUG   SenderThread:23000 [sender.py:send_request():249] send_request: stop_status
2022-02-23 11:28:16,992 DEBUG   HandlerThread:23000 [handler.py:handle_request():131] handle_request: stop_status
2022-02-23 11:28:16,993 DEBUG   SenderThread:23000 [sender.py:send_request():249] send_request: stop_status
2022-02-23 11:28:32,212 DEBUG   HandlerThread:23000 [handler.py:handle_request():131] handle_request: stop_status
2022-02-23 11:28:32,212 DEBUG   SenderThread:23000 [sender.py:send_request():249] send_request: stop_status
2022-02-23 11:28:47,416 DEBUG   HandlerThread:23000 [handler.py:handle_request():131] handle_request: stop_status
2022-02-23 11:28:47,416 DEBUG   SenderThread:23000 [sender.py:send_request():249] send_request: stop_status
2022-02-23 11:29:02,626 DEBUG   HandlerThread:23000 [handler.py:handle_request():131] handle_request: stop_status
2022-02-23 11:29:02,627 DEBUG   SenderThread:23000 [sender.py:send_request():249] send_request: stop_status
2022-02-23 11:29:17,829 DEBUG   HandlerThread:23000 [handler.py:handle_request():131] handle_request: stop_status
2022-02-23 11:29:17,829 DEBUG   SenderThread:23000 [sender.py:send_request():249] send_request: stop_status
2022-02-23 11:29:33,142 DEBUG   HandlerThread:23000 [handler.py:handle_request():131] handle_request: stop_status
2022-02-23 11:29:33,142 DEBUG   SenderThread:23000 [sender.py:send_request():249] send_request: stop_status
2022-02-23 11:29:48,361 DEBUG   HandlerThread:23000 [handler.py:handle_request():131] handle_request: stop_status
2022-02-23 11:29:48,361 DEBUG   SenderThread:23000 [sender.py:send_request():249] send_request: stop_status
2022-02-23 11:30:03,545 DEBUG   HandlerThread:23000 [handler.py:handle_request():131] handle_request: stop_status
2022-02-23 11:30:03,545 DEBUG   SenderThread:23000 [sender.py:send_request():249] send_request: stop_status
2022-02-23 11:30:18,783 DEBUG   HandlerThread:23000 [handler.py:handle_request():131] handle_request: stop_status
2022-02-23 11:30:18,783 DEBUG   SenderThread:23000 [sender.py:send_request():249] send_request: stop_status
2022-02-23 11:30:34,118 DEBUG   HandlerThread:23000 [handler.py:handle_request():131] handle_request: stop_status
2022-02-23 11:30:34,118 DEBUG   SenderThread:23000 [sender.py:send_request():249] send_request: stop_status
2022-02-23 11:30:49,332 DEBUG   HandlerThread:23000 [handler.py:handle_request():131] handle_request: stop_status
2022-02-23 11:30:49,332 DEBUG   SenderThread:23000 [sender.py:send_request():249] send_request: stop_status
2022-02-23 11:31:04,544 DEBUG   HandlerThread:23000 [handler.py:handle_request():131] handle_request: stop_status
2022-02-23 11:31:04,544 DEBUG   SenderThread:23000 [sender.py:send_request():249] send_request: stop_status
2022-02-23 11:31:19,735 DEBUG   HandlerThread:23000 [handler.py:handle_request():131] handle_request: stop_status
2022-02-23 11:31:19,735 DEBUG   SenderThread:23000 [sender.py:send_request():249] send_request: stop_status
2022-02-23 11:31:34,970 DEBUG   HandlerThread:23000 [handler.py:handle_request():131] handle_request: stop_status
2022-02-23 11:31:34,970 DEBUG   SenderThread:23000 [sender.py:send_request():249] send_request: stop_status
2022-02-23 11:31:50,232 DEBUG   HandlerThread:23000 [handler.py:handle_request():131] handle_request: stop_status
2022-02-23 11:31:50,232 DEBUG   SenderThread:23000 [sender.py:send_request():249] send_request: stop_status
2022-02-23 11:32:05,439 DEBUG   HandlerThread:23000 [handler.py:handle_request():131] handle_request: stop_status
2022-02-23 11:32:05,439 DEBUG   SenderThread:23000 [sender.py:send_request():249] send_request: stop_status
2022-02-23 11:32:20,641 DEBUG   HandlerThread:23000 [handler.py:handle_request():131] handle_request: stop_status
2022-02-23 11:32:20,641 DEBUG   SenderThread:23000 [sender.py:send_request():249] send_request: stop_status
2022-02-23 11:32:35,857 DEBUG   HandlerThread:23000 [handler.py:handle_request():131] handle_request: stop_status
2022-02-23 11:32:35,858 DEBUG   SenderThread:23000 [sender.py:send_request():249] send_request: stop_status
2022-02-23 11:32:51,073 DEBUG   HandlerThread:23000 [handler.py:handle_request():131] handle_request: stop_status
2022-02-23 11:32:51,073 DEBUG   SenderThread:23000 [sender.py:send_request():249] send_request: stop_status
2022-02-23 11:33:06,288 DEBUG   HandlerThread:23000 [handler.py:handle_request():131] handle_request: stop_status
2022-02-23 11:33:06,288 DEBUG   SenderThread:23000 [sender.py:send_request():249] send_request: stop_status
2022-02-23 11:33:21,496 DEBUG   HandlerThread:23000 [handler.py:handle_request():131] handle_request: stop_status
2022-02-23 11:33:21,496 DEBUG   SenderThread:23000 [sender.py:send_request():249] send_request: stop_status
2022-02-23 11:33:36,718 DEBUG   HandlerThread:23000 [handler.py:handle_request():131] handle_request: stop_status
2022-02-23 11:33:36,718 DEBUG   SenderThread:23000 [sender.py:send_request():249] send_request: stop_status
2022-02-23 11:33:51,977 DEBUG   HandlerThread:23000 [handler.py:handle_request():131] handle_request: stop_status
2022-02-23 11:33:51,977 DEBUG   SenderThread:23000 [sender.py:send_request():249] send_request: stop_status
2022-02-23 11:34:07,209 DEBUG   HandlerThread:23000 [handler.py:handle_request():131] handle_request: stop_status
2022-02-23 11:34:07,209 DEBUG   SenderThread:23000 [sender.py:send_request():249] send_request: stop_status
2022-02-23 11:34:22,425 DEBUG   HandlerThread:23000 [handler.py:handle_request():131] handle_request: stop_status
2022-02-23 11:34:22,425 DEBUG   SenderThread:23000 [sender.py:send_request():249] send_request: stop_status
2022-02-23 11:34:37,636 DEBUG   HandlerThread:23000 [handler.py:handle_request():131] handle_request: stop_status
2022-02-23 11:34:37,636 DEBUG   SenderThread:23000 [sender.py:send_request():249] send_request: stop_status
2022-02-23 11:34:52,855 DEBUG   HandlerThread:23000 [handler.py:handle_request():131] handle_request: stop_status
2022-02-23 11:34:52,855 DEBUG   SenderThread:23000 [sender.py:send_request():249] send_request: stop_status
2022-02-23 11:35:08,079 DEBUG   HandlerThread:23000 [handler.py:handle_request():131] handle_request: stop_status
2022-02-23 11:35:08,079 DEBUG   SenderThread:23000 [sender.py:send_request():249] send_request: stop_status
2022-02-23 11:35:23,323 DEBUG   HandlerThread:23000 [handler.py:handle_request():131] handle_request: stop_status
2022-02-23 11:35:23,323 DEBUG   SenderThread:23000 [sender.py:send_request():249] send_request: stop_status
2022-02-23 11:35:38,536 DEBUG   HandlerThread:23000 [handler.py:handle_request():131] handle_request: stop_status
2022-02-23 11:35:38,536 DEBUG   SenderThread:23000 [sender.py:send_request():249] send_request: stop_status
2022-02-23 11:35:53,769 DEBUG   HandlerThread:23000 [handler.py:handle_request():131] handle_request: stop_status
2022-02-23 11:35:53,769 DEBUG   SenderThread:23000 [sender.py:send_request():249] send_request: stop_status
2022-02-23 11:36:08,978 DEBUG   HandlerThread:23000 [handler.py:handle_request():131] handle_request: stop_status
2022-02-23 11:36:08,978 DEBUG   SenderThread:23000 [sender.py:send_request():249] send_request: stop_status
2022-02-23 11:36:24,221 DEBUG   HandlerThread:23000 [handler.py:handle_request():131] handle_request: stop_status
2022-02-23 11:36:24,221 DEBUG   SenderThread:23000 [sender.py:send_request():249] send_request: stop_status
2022-02-23 11:36:39,457 DEBUG   HandlerThread:23000 [handler.py:handle_request():131] handle_request: stop_status
2022-02-23 11:36:39,457 DEBUG   SenderThread:23000 [sender.py:send_request():249] send_request: stop_status
2022-02-23 11:36:54,663 DEBUG   HandlerThread:23000 [handler.py:handle_request():131] handle_request: stop_status
2022-02-23 11:36:54,663 DEBUG   SenderThread:23000 [sender.py:send_request():249] send_request: stop_status
2022-02-23 11:37:10,534 DEBUG   HandlerThread:23000 [handler.py:handle_request():131] handle_request: stop_status
2022-02-23 11:37:10,535 DEBUG   SenderThread:23000 [sender.py:send_request():249] send_request: stop_status
2022-02-23 11:37:25,786 DEBUG   HandlerThread:23000 [handler.py:handle_request():131] handle_request: stop_status
2022-02-23 11:37:25,786 DEBUG   SenderThread:23000 [sender.py:send_request():249] send_request: stop_status
2022-02-23 11:37:41,000 DEBUG   HandlerThread:23000 [handler.py:handle_request():131] handle_request: stop_status
2022-02-23 11:37:41,000 DEBUG   SenderThread:23000 [sender.py:send_request():249] send_request: stop_status
2022-02-23 11:37:56,195 DEBUG   HandlerThread:23000 [handler.py:handle_request():131] handle_request: stop_status
2022-02-23 11:37:56,195 DEBUG   SenderThread:23000 [sender.py:send_request():249] send_request: stop_status
2022-02-23 11:38:11,422 DEBUG   HandlerThread:23000 [handler.py:handle_request():131] handle_request: stop_status
2022-02-23 11:38:11,422 DEBUG   SenderThread:23000 [sender.py:send_request():249] send_request: stop_status
2022-02-23 11:38:26,633 DEBUG   HandlerThread:23000 [handler.py:handle_request():131] handle_request: stop_status
2022-02-23 11:38:26,633 DEBUG   SenderThread:23000 [sender.py:send_request():249] send_request: stop_status
2022-02-23 11:38:41,857 DEBUG   HandlerThread:23000 [handler.py:handle_request():131] handle_request: stop_status
2022-02-23 11:38:41,857 DEBUG   SenderThread:23000 [sender.py:send_request():249] send_request: stop_status
2022-02-23 11:38:57,063 DEBUG   HandlerThread:23000 [handler.py:handle_request():131] handle_request: stop_status
2022-02-23 11:38:57,063 DEBUG   SenderThread:23000 [sender.py:send_request():249] send_request: stop_status
2022-02-23 11:39:12,274 DEBUG   HandlerThread:23000 [handler.py:handle_request():131] handle_request: stop_status
2022-02-23 11:39:12,274 DEBUG   SenderThread:23000 [sender.py:send_request():249] send_request: stop_status
2022-02-23 11:39:27,519 DEBUG   HandlerThread:23000 [handler.py:handle_request():131] handle_request: stop_status
2022-02-23 11:39:27,519 DEBUG   SenderThread:23000 [sender.py:send_request():249] send_request: stop_status
2022-02-23 11:39:42,734 DEBUG   HandlerThread:23000 [handler.py:handle_request():131] handle_request: stop_status
2022-02-23 11:39:42,735 DEBUG   SenderThread:23000 [sender.py:send_request():249] send_request: stop_status
2022-02-23 11:39:57,948 DEBUG   HandlerThread:23000 [handler.py:handle_request():131] handle_request: stop_status
2022-02-23 11:39:57,948 DEBUG   SenderThread:23000 [sender.py:send_request():249] send_request: stop_status
2022-02-23 11:40:13,217 DEBUG   HandlerThread:23000 [handler.py:handle_request():131] handle_request: stop_status
2022-02-23 11:40:13,217 DEBUG   SenderThread:23000 [sender.py:send_request():249] send_request: stop_status
2022-02-23 11:40:28,429 DEBUG   HandlerThread:23000 [handler.py:handle_request():131] handle_request: stop_status
2022-02-23 11:40:28,429 DEBUG   SenderThread:23000 [sender.py:send_request():249] send_request: stop_status
2022-02-23 11:40:43,629 DEBUG   HandlerThread:23000 [handler.py:handle_request():131] handle_request: stop_status
2022-02-23 11:40:43,630 DEBUG   SenderThread:23000 [sender.py:send_request():249] send_request: stop_status
2022-02-23 11:40:58,835 DEBUG   HandlerThread:23000 [handler.py:handle_request():131] handle_request: stop_status
2022-02-23 11:40:58,835 DEBUG   SenderThread:23000 [sender.py:send_request():249] send_request: stop_status
2022-02-23 11:41:14,079 DEBUG   HandlerThread:23000 [handler.py:handle_request():131] handle_request: stop_status
2022-02-23 11:41:14,079 DEBUG   SenderThread:23000 [sender.py:send_request():249] send_request: stop_status
2022-02-23 11:41:29,298 DEBUG   HandlerThread:23000 [handler.py:handle_request():131] handle_request: stop_status
2022-02-23 11:41:29,299 DEBUG   SenderThread:23000 [sender.py:send_request():249] send_request: stop_status
2022-02-23 11:41:44,563 DEBUG   HandlerThread:23000 [handler.py:handle_request():131] handle_request: stop_status
2022-02-23 11:41:44,563 DEBUG   SenderThread:23000 [sender.py:send_request():249] send_request: stop_status
2022-02-23 11:41:59,787 DEBUG   HandlerThread:23000 [handler.py:handle_request():131] handle_request: stop_status
2022-02-23 11:41:59,787 DEBUG   SenderThread:23000 [sender.py:send_request():249] send_request: stop_status
2022-02-23 11:42:14,992 DEBUG   HandlerThread:23000 [handler.py:handle_request():131] handle_request: stop_status
2022-02-23 11:42:14,992 DEBUG   SenderThread:23000 [sender.py:send_request():249] send_request: stop_status
2022-02-23 11:42:30,230 DEBUG   HandlerThread:23000 [handler.py:handle_request():131] handle_request: stop_status
2022-02-23 11:42:30,230 DEBUG   SenderThread:23000 [sender.py:send_request():249] send_request: stop_status
2022-02-23 11:42:45,538 DEBUG   HandlerThread:23000 [handler.py:handle_request():131] handle_request: stop_status
2022-02-23 11:42:45,538 DEBUG   SenderThread:23000 [sender.py:send_request():249] send_request: stop_status
2022-02-23 11:43:00,741 DEBUG   HandlerThread:23000 [handler.py:handle_request():131] handle_request: stop_status
2022-02-23 11:43:00,741 DEBUG   SenderThread:23000 [sender.py:send_request():249] send_request: stop_status
2022-02-23 11:43:15,963 DEBUG   HandlerThread:23000 [handler.py:handle_request():131] handle_request: stop_status
2022-02-23 11:43:15,963 DEBUG   SenderThread:23000 [sender.py:send_request():249] send_request: stop_status
2022-02-23 11:43:31,203 DEBUG   HandlerThread:23000 [handler.py:handle_request():131] handle_request: stop_status
2022-02-23 11:43:31,203 DEBUG   SenderThread:23000 [sender.py:send_request():249] send_request: stop_status
2022-02-23 11:43:46,426 DEBUG   HandlerThread:23000 [handler.py:handle_request():131] handle_request: stop_status
2022-02-23 11:43:46,426 DEBUG   SenderThread:23000 [sender.py:send_request():249] send_request: stop_status
2022-02-23 11:44:01,630 DEBUG   HandlerThread:23000 [handler.py:handle_request():131] handle_request: stop_status
2022-02-23 11:44:01,630 DEBUG   SenderThread:23000 [sender.py:send_request():249] send_request: stop_status
2022-02-23 11:44:16,846 DEBUG   HandlerThread:23000 [handler.py:handle_request():131] handle_request: stop_status
2022-02-23 11:44:16,846 DEBUG   SenderThread:23000 [sender.py:send_request():249] send_request: stop_status
2022-02-23 11:44:32,063 DEBUG   HandlerThread:23000 [handler.py:handle_request():131] handle_request: stop_status
2022-02-23 11:44:32,063 DEBUG   SenderThread:23000 [sender.py:send_request():249] send_request: stop_status
2022-02-23 11:44:47,280 DEBUG   HandlerThread:23000 [handler.py:handle_request():131] handle_request: stop_status
2022-02-23 11:44:47,280 DEBUG   SenderThread:23000 [sender.py:send_request():249] send_request: stop_status
2022-02-23 11:45:02,493 DEBUG   HandlerThread:23000 [handler.py:handle_request():131] handle_request: stop_status
2022-02-23 11:45:02,493 DEBUG   SenderThread:23000 [sender.py:send_request():249] send_request: stop_status
2022-02-23 11:45:17,791 DEBUG   HandlerThread:23000 [handler.py:handle_request():131] handle_request: stop_status
2022-02-23 11:45:17,791 DEBUG   SenderThread:23000 [sender.py:send_request():249] send_request: stop_status
2022-02-23 11:45:33,017 DEBUG   HandlerThread:23000 [handler.py:handle_request():131] handle_request: stop_status
2022-02-23 11:45:33,017 DEBUG   SenderThread:23000 [sender.py:send_request():249] send_request: stop_status
2022-02-23 11:45:48,245 DEBUG   HandlerThread:23000 [handler.py:handle_request():131] handle_request: stop_status
2022-02-23 11:45:48,246 DEBUG   SenderThread:23000 [sender.py:send_request():249] send_request: stop_status
2022-02-23 11:46:03,462 DEBUG   HandlerThread:23000 [handler.py:handle_request():131] handle_request: stop_status
2022-02-23 11:46:03,462 DEBUG   SenderThread:23000 [sender.py:send_request():249] send_request: stop_status
2022-02-23 11:46:18,681 DEBUG   HandlerThread:23000 [handler.py:handle_request():131] handle_request: stop_status
2022-02-23 11:46:18,682 DEBUG   SenderThread:23000 [sender.py:send_request():249] send_request: stop_status
2022-02-23 11:46:33,897 DEBUG   HandlerThread:23000 [handler.py:handle_request():131] handle_request: stop_status
2022-02-23 11:46:33,897 DEBUG   SenderThread:23000 [sender.py:send_request():249] send_request: stop_status
2022-02-23 11:46:49,122 DEBUG   HandlerThread:23000 [handler.py:handle_request():131] handle_request: stop_status
2022-02-23 11:46:49,122 DEBUG   SenderThread:23000 [sender.py:send_request():249] send_request: stop_status
2022-02-23 11:47:04,387 DEBUG   HandlerThread:23000 [handler.py:handle_request():131] handle_request: stop_status
2022-02-23 11:47:04,387 DEBUG   SenderThread:23000 [sender.py:send_request():249] send_request: stop_status
2022-02-23 11:47:19,620 DEBUG   HandlerThread:23000 [handler.py:handle_request():131] handle_request: stop_status
2022-02-23 11:47:19,620 DEBUG   SenderThread:23000 [sender.py:send_request():249] send_request: stop_status
2022-02-23 11:47:34,841 DEBUG   HandlerThread:23000 [handler.py:handle_request():131] handle_request: stop_status
2022-02-23 11:47:34,842 DEBUG   SenderThread:23000 [sender.py:send_request():249] send_request: stop_status
2022-02-23 11:47:50,060 DEBUG   HandlerThread:23000 [handler.py:handle_request():131] handle_request: stop_status
2022-02-23 11:47:50,060 DEBUG   SenderThread:23000 [sender.py:send_request():249] send_request: stop_status
2022-02-23 11:48:05,325 DEBUG   HandlerThread:23000 [handler.py:handle_request():131] handle_request: stop_status
2022-02-23 11:48:05,325 DEBUG   SenderThread:23000 [sender.py:send_request():249] send_request: stop_status
2022-02-23 11:48:20,540 DEBUG   HandlerThread:23000 [handler.py:handle_request():131] handle_request: stop_status
2022-02-23 11:48:20,540 DEBUG   SenderThread:23000 [sender.py:send_request():249] send_request: stop_status
2022-02-23 11:48:35,748 DEBUG   HandlerThread:23000 [handler.py:handle_request():131] handle_request: stop_status
2022-02-23 11:48:35,748 DEBUG   SenderThread:23000 [sender.py:send_request():249] send_request: stop_status
2022-02-23 11:48:50,962 DEBUG   HandlerThread:23000 [handler.py:handle_request():131] handle_request: stop_status
2022-02-23 11:48:50,963 DEBUG   SenderThread:23000 [sender.py:send_request():249] send_request: stop_status
2022-02-23 11:49:06,178 DEBUG   HandlerThread:23000 [handler.py:handle_request():131] handle_request: stop_status
2022-02-23 11:49:06,179 DEBUG   SenderThread:23000 [sender.py:send_request():249] send_request: stop_status
2022-02-23 11:49:21,398 DEBUG   HandlerThread:23000 [handler.py:handle_request():131] handle_request: stop_status
2022-02-23 11:49:21,399 DEBUG   SenderThread:23000 [sender.py:send_request():249] send_request: stop_status
2022-02-23 11:49:36,614 DEBUG   HandlerThread:23000 [handler.py:handle_request():131] handle_request: stop_status
2022-02-23 11:49:36,614 DEBUG   SenderThread:23000 [sender.py:send_request():249] send_request: stop_status
2022-02-23 11:49:51,831 DEBUG   HandlerThread:23000 [handler.py:handle_request():131] handle_request: stop_status
2022-02-23 11:49:51,831 DEBUG   SenderThread:23000 [sender.py:send_request():249] send_request: stop_status
2022-02-23 11:50:07,119 DEBUG   HandlerThread:23000 [handler.py:handle_request():131] handle_request: stop_status
2022-02-23 11:50:07,120 DEBUG   SenderThread:23000 [sender.py:send_request():249] send_request: stop_status
2022-02-23 11:50:22,364 DEBUG   HandlerThread:23000 [handler.py:handle_request():131] handle_request: stop_status
2022-02-23 11:50:22,364 DEBUG   SenderThread:23000 [sender.py:send_request():249] send_request: stop_status
2022-02-23 11:50:37,817 DEBUG   HandlerThread:23000 [handler.py:handle_request():131] handle_request: stop_status
2022-02-23 11:50:37,818 DEBUG   SenderThread:23000 [sender.py:send_request():249] send_request: stop_status
2022-02-23 11:50:53,039 DEBUG   HandlerThread:23000 [handler.py:handle_request():131] handle_request: stop_status
2022-02-23 11:50:53,039 DEBUG   SenderThread:23000 [sender.py:send_request():249] send_request: stop_status
2022-02-23 11:51:08,271 DEBUG   HandlerThread:23000 [handler.py:handle_request():131] handle_request: stop_status
2022-02-23 11:51:08,271 DEBUG   SenderThread:23000 [sender.py:send_request():249] send_request: stop_status
2022-02-23 11:51:23,474 DEBUG   HandlerThread:23000 [handler.py:handle_request():131] handle_request: stop_status
2022-02-23 11:51:23,474 DEBUG   SenderThread:23000 [sender.py:send_request():249] send_request: stop_status
2022-02-23 11:51:38,689 DEBUG   HandlerThread:23000 [handler.py:handle_request():131] handle_request: stop_status
2022-02-23 11:51:38,689 DEBUG   SenderThread:23000 [sender.py:send_request():249] send_request: stop_status
2022-02-23 11:51:53,901 DEBUG   HandlerThread:23000 [handler.py:handle_request():131] handle_request: stop_status
2022-02-23 11:51:53,901 DEBUG   SenderThread:23000 [sender.py:send_request():249] send_request: stop_status
2022-02-23 11:52:09,118 DEBUG   HandlerThread:23000 [handler.py:handle_request():131] handle_request: stop_status
2022-02-23 11:52:09,118 DEBUG   SenderThread:23000 [sender.py:send_request():249] send_request: stop_status
2022-02-23 11:52:24,319 DEBUG   HandlerThread:23000 [handler.py:handle_request():131] handle_request: stop_status
2022-02-23 11:52:24,320 DEBUG   SenderThread:23000 [sender.py:send_request():249] send_request: stop_status
2022-02-23 11:52:39,523 DEBUG   HandlerThread:23000 [handler.py:handle_request():131] handle_request: stop_status
2022-02-23 11:52:39,524 DEBUG   SenderThread:23000 [sender.py:send_request():249] send_request: stop_status
2022-02-23 11:52:54,741 DEBUG   HandlerThread:23000 [handler.py:handle_request():131] handle_request: stop_status
2022-02-23 11:52:54,741 DEBUG   SenderThread:23000 [sender.py:send_request():249] send_request: stop_status
2022-02-23 11:53:09,945 DEBUG   HandlerThread:23000 [handler.py:handle_request():131] handle_request: stop_status
2022-02-23 11:53:09,945 DEBUG   SenderThread:23000 [sender.py:send_request():249] send_request: stop_status
2022-02-23 11:53:25,239 DEBUG   HandlerThread:23000 [handler.py:handle_request():131] handle_request: stop_status
2022-02-23 11:53:25,239 DEBUG   SenderThread:23000 [sender.py:send_request():249] send_request: stop_status
2022-02-23 11:53:40,450 DEBUG   HandlerThread:23000 [handler.py:handle_request():131] handle_request: stop_status
2022-02-23 11:53:40,450 DEBUG   SenderThread:23000 [sender.py:send_request():249] send_request: stop_status
2022-02-23 11:53:55,656 DEBUG   HandlerThread:23000 [handler.py:handle_request():131] handle_request: stop_status
2022-02-23 11:53:55,656 DEBUG   SenderThread:23000 [sender.py:send_request():249] send_request: stop_status
2022-02-23 11:54:10,865 DEBUG   HandlerThread:23000 [handler.py:handle_request():131] handle_request: stop_status
2022-02-23 11:54:10,865 DEBUG   SenderThread:23000 [sender.py:send_request():249] send_request: stop_status
2022-02-23 11:54:26,113 DEBUG   HandlerThread:23000 [handler.py:handle_request():131] handle_request: stop_status
2022-02-23 11:54:26,114 DEBUG   SenderThread:23000 [sender.py:send_request():249] send_request: stop_status
2022-02-23 11:54:39,448 WARNING MainThread:23000 [internal.py:is_dead():380] Internal process exiting, parent pid 1544 disappeared
2022-02-23 11:54:39,448 ERROR   MainThread:23000 [internal.py:wandb_internal():148] Internal process shutdown.
2022-02-23 11:54:39,775 INFO    SenderThread:23000 [sender.py:finish():1075] shutting down sender
2022-02-23 11:54:39,775 INFO    HandlerThread:23000 [handler.py:finish():739] shutting down handler
2022-02-23 11:54:39,775 INFO    SenderThread:23000 [dir_watcher.py:finish():283] shutting down directory watcher
2022-02-23 11:54:40,040 INFO    WriterThread:23000 [datastore.py:close():281] close: e:\skola\2021-2022\LP3\D7041E\D7041E\project\wandb\run-20220222_162239-388vck2j\run-388vck2j.wandb
2022-02-23 11:54:40,676 INFO    SenderThread:23000 [dir_watcher.py:finish():313] scan: e:\skola\2021-2022\LP3\D7041E\D7041E\project\wandb\run-20220222_162239-388vck2j\files
2022-02-23 11:54:40,676 INFO    SenderThread:23000 [dir_watcher.py:finish():327] scan save: e:\skola\2021-2022\LP3\D7041E\D7041E\project\wandb\run-20220222_162239-388vck2j\files\conda-environment.yaml conda-environment.yaml
2022-02-23 11:54:40,677 INFO    SenderThread:23000 [dir_watcher.py:finish():327] scan save: e:\skola\2021-2022\LP3\D7041E\D7041E\project\wandb\run-20220222_162239-388vck2j\files\config.yaml config.yaml
2022-02-23 11:54:40,677 INFO    SenderThread:23000 [dir_watcher.py:finish():327] scan save: e:\skola\2021-2022\LP3\D7041E\D7041E\project\wandb\run-20220222_162239-388vck2j\files\output.log output.log
2022-02-23 11:54:40,677 INFO    SenderThread:23000 [dir_watcher.py:finish():327] scan save: e:\skola\2021-2022\LP3\D7041E\D7041E\project\wandb\run-20220222_162239-388vck2j\files\requirements.txt requirements.txt
2022-02-23 11:54:40,683 INFO    SenderThread:23000 [dir_watcher.py:finish():327] scan save: e:\skola\2021-2022\LP3\D7041E\D7041E\project\wandb\run-20220222_162239-388vck2j\files\wandb-metadata.json wandb-metadata.json
2022-02-23 11:54:40,684 INFO    SenderThread:23000 [dir_watcher.py:finish():327] scan save: e:\skola\2021-2022\LP3\D7041E\D7041E\project\wandb\run-20220222_162239-388vck2j\files\wandb-summary.json wandb-summary.json
2022-02-23 11:54:40,684 INFO    SenderThread:23000 [file_pusher.py:finish():177] shutting down file pusher
2022-02-23 11:54:40,684 INFO    SenderThread:23000 [file_pusher.py:join():182] waiting for file pusher
2022-02-23 11:54:41,320 INFO    Thread-43 :23000 [upload_job.py:push():137] Uploaded file e:\skola\2021-2022\LP3\D7041E\D7041E\project\wandb\run-20220222_162239-388vck2j\files\wandb-summary.json
2022-02-23 11:54:41,325 INFO    Thread-42 :23000 [upload_job.py:push():137] Uploaded file e:\skola\2021-2022\LP3\D7041E\D7041E\project\wandb\run-20220222_162239-388vck2j\files\requirements.txt
2022-02-23 11:54:41,355 INFO    Thread-40 :23000 [upload_job.py:push():137] Uploaded file e:\skola\2021-2022\LP3\D7041E\D7041E\project\wandb\run-20220222_162239-388vck2j\files\config.yaml
2022-02-23 11:54:41,404 INFO    Thread-41 :23000 [upload_job.py:push():137] Uploaded file e:\skola\2021-2022\LP3\D7041E\D7041E\project\wandb\run-20220222_162239-388vck2j\files\output.log
2022-02-23 11:54:41,877 INFO    MainThread:23000 [internal.py:handle_exit():79] Internal process exited
